1000
0 3
727 115 71
1 3
556 87 91
2 3
643 291 101
3 3
384 159 91
4 3
323 292 101
5 3
924 189 71
6 3
167 204 91
7 3
383 224 71
8 3
652 212 71
9 3
165 205 51
10 3
783 167 51
11 3
868 85 61
12 3
102 35 61
13 3
863 233 81
14 3
424 227 91
15 3
45 35 71
16 3
626 73 71
17 3
305 275 91
18 3
598 62 71
19 3
827 267 81
20 3
250 79 61
21 3
501 32 61
22 3
36 85 91
23 3
914 78 91
24 3
315 68 51
25 3
238 159 51
26 3
247 81 61
27 3
871 271 51
28 3
479 259 101
29 3
707 254 71
30 3
705 101 71
31 3
868 50 91
32 3
569 97 81
33 3
376 207 51
34 3
635 121 101
35 3
432 72 81
36 3
972 159 101
37 3
802 77 71
38 3
947 164 81
39 3
60 208 91
40 3
885 137 101
41 3
119 116 71
42 3
429 240 71
43 3
827 55 61
44 3
374 75 61
45 3
565 204 91
46 3
503 255 71
47 3
734 194 101
48 3
571 153 61
49 3
333 48 51
50 3
179 51 71
51 3
670 93 51
52 3
606 166 101
53 3
970 198 71
54 3
908 149 101
55 3
315 254 51
56 3
300 159 71
57 3
465 59 71
58 3
250 126 81
59 3
443 80 51
60 3
241 112 61
61 3
953 290 71
62 3
673 96 61
63 3
789 267 81
64 3
680 264 101
65 3
800 228 51
66 3
281 48 91
67 3
140 269 91
68 3
523 120 61
69 3
667 111 51
70 3
253 252 51
71 3
466 133 61
72 3
450 147 91
73 3
832 195 71
74 3
921 278 91
75 3
605 54 81
76 3
309 192 51
77 3
353 222 91
78 3
533 68 101
79 3
48 287 91
80 3
759 252 71
81 3
551 58 101
82 3
918 268 71
83 3
667 167 61
84 3
825 191 71
85 3
213 293 91
86 3
927 71 91
87 3
863 218 81
88 3
333 125 61
89 3
71 34 51
90 3
656 196 71
91 3
619 211 91
92 3
483 128 71
93 3
665 190 51
94 3
721 91 91
95 3
351 222 71
96 3
15 209 51
97 3
792 255 61
98 3
861 93 71
99 3
868 74 51
100 3
574 231 81
101 3
962 237 61
102 3
318 231 51
103 3
138 136 51
104 3
54 37 101
105 3
846 84 61
106 3
698 61 91
107 3
609 300 51
108 3
470 43 91
109 3
331 296 61
110 3
909 255 61
111 3
849 287 81
112 3
452 31 61
113 3
447 59 91
114 3
194 31 81
115 3
344 232 81
116 3
903 214 101
117 3
113 108 51
118 3
944 237 101
119 3
245 198 61
120 3
233 79 101
121 3
37 141 51
122 3
759 173 91
123 3
380 256 71
124 3
91 188 71
125 3
60 35 71
126 3
650 80 101
127 3
166 31 91
128 3
516 54 51
129 3
984 169 51
130 3
308 56 71
131 3
860 277 91
132 3
919 278 71
133 3
756 198 91
134 3
526 273 71
135 3
289 210 81
136 3
905 109 101
137 3
338 59 81
138 3
852 137 61
139 3
30 299 81
140 3
888 256 91
141 3
899 221 91
142 3
825 65 101
143 3
560 121 91
144 3
811 153 81
145 3
487 127 51
146 3
325 60 101
147 3
906 51 51
148 3
919 156 61
149 3
303 285 61
150 3
834 129 71
151 3
755 168 71
152 3
404 108 61
153 3
126 48 101
154 3
439 147 71
155 3
889 244 61
156 3
983 76 61
157 3
836 236 51
158 3
695 165 51
159 3
920 127 71
160 3
807 290 101
161 3
753 194 101
162 3
418 207 91
163 3
415 276 51
164 3
171 186 81
165 3
677 233 81
166 3
591 69 61
167 3
354 184 51
168 3
952 126 71
169 3
794 296 51
170 3
672 240 71
171 3
250 79 81
172 3
120 260 81
173 3
89 57 81
174 3
731 134 61
175 3
77 177 101
176 3
828 198 61
177 3
126 47 81
178 3
342 130 91
179 3
525 129 91
180 3
523 251 51
181 3
665 257 91
182 3
444 296 91
183 3
102 151 91
184 3
310 151 51
185 3
413 282 71
186 3
627 107 101
187 3
631 141 51
188 3
665 69 81
189 3
371 136 51
190 3
686 188 61
191 3
525 201 101
192 3
208 212 81
193 3
289 31 61
194 3
555 61 91
195 3
178 202 51
196 3
426 233 101
197 3
953 116 71
198 3
885 131 51
199 3
21 234 91
200 3
293 240 101
201 3
694 49 101
202 3
54 250 71
203 3
280 127 81
204 3
971 31 61
205 3
466 142 51
206 3
208 123 61
207 3
894 293 81
208 3
160 38 71
209 3
788 42 81
210 3
803 30 81
211 3
749 68 101
212 3
886 174 51
213 3
51 211 71
214 3
403 72 81
215 3
368 202 81
216 3
337 80 101
217 3
639 94 91
218 3
308 299 91
219 3
712 49 101
220 3
141 242 71
221 3
460 44 61
222 3
750 231 61
223 3
61 95 101
224 3
451 174 61
225 3
886 193 91
226 3
993 114 91
227 3
630 152 101
228 3
306 145 71
229 3
772 171 51
230 3
892 58 81
231 3
436 250 61
232 3
457 188 71
233 3
85 47 61
234 3
87 214 101
235 3
124 181 91
236 3
915 277 101
237 3
464 151 51
238 3
100 203 91
239 3
9 61 61
240 3
163 173 61
241 3
459 248 71
242 3
502 53 51
243 3
10 45 91
244 3
946 133 71
245 3
179 200 71
246 3
760 278 81
247 3
848 50 51
248 3
955 124 81
249 3
823 260 71
250 3
273 297 81
251 3
4 273 101
252 3
83 77 91
253 3
108 117 71
254 3
244 117 91
255 3
312 56 81
256 3
149 67 51
257 3
128 173 61
258 3
709 75 91
259 3
300 76 71
260 3
75 262 61
261 3
579 47 51
262 3
486 55 61
263 3
459 158 91
264 3
35 97 71
265 3
49 231 51
266 3
887 142 61
267 3
819 218 81
268 3
195 188 51
269 3
559 136 91
270 3
939 142 71
271 3
373 213 61
272 3
87 162 51
273 3
721 54 91
274 3
220 45 91
275 3
995 276 71
276 3
962 222 91
277 3
791 293 71
278 3
335 244 51
279 3
399 244 51
280 3
737 144 51
281 3
628 63 91
282 3
509 260 91
283 3
723 295 81
284 3
538 280 51
285 3
192 138 71
286 3
411 283 61
287 3
708 120 51
288 3
384 40 101
289 3
59 176 51
290 3
459 96 91
291 3
979 230 101
292 3
166 231 101
293 3
847 247 101
294 3
393 259 101
295 3
465 134 61
296 3
963 142 91
297 3
485 216 51
298 3
685 237 101
299 3
870 217 81
300 3
64 66 101
301 3
59 213 71
302 3
882 208 71
303 3
899 240 71
304 3
812 89 71
305 3
518 275 71
306 3
989 258 91
307 3
37 106 71
308 3
194 94 61
309 3
1 173 91
310 3
325 105 71
311 3
204 176 61
312 3
805 40 71
313 3
941 255 91
314 3
590 115 61
315 3
473 159 61
316 3
68 230 91
317 3
96 272 71
318 3
86 181 51
319 3
783 50 91
320 3
216 62 81
321 3
575 298 91
322 3
259 203 71
323 3
588 254 91
324 3
297 55 101
325 3
573 179 81
326 3
405 218 61
327 3
859 288 51
328 3
813 296 81
329 3
676 181 81
330 3
447 36 81
331 3
482 242 51
332 3
195 107 101
333 3
124 197 81
334 3
682 170 101
335 3
139 224 91
336 3
730 260 91
337 3
850 269 81
338 3
29 156 101
339 3
434 168 81
340 3
774 286 51
341 3
429 105 101
342 3
847 228 81
343 3
167 58 101
344 3
872 89 101
345 3
99 35 101
346 3
512 257 91
347 3
365 256 51
348 3
430 278 81
349 3
955 173 81
350 3
905 136 71
351 3
326 145 91
352 3
810 65 101
353 3
234 287 51
354 3
421 101 91
355 3
926 268 91
356 3
679 184 71
357 3
769 204 101
358 3
798 231 91
359 3
922 164 61
360 3
488 213 101
361 3
458 183 101
362 3
891 292 51
363 3
359 158 91
364 3
90 64 81
365 3
963 139 71
366 3
55 69 91
367 3
365 124 61
368 3
661 154 61
369 3
756 37 71
370 3
291 72 101
371 3
638 151 51
372 3
480 203 101
373 3
963 109 51
374 3
84 279 51
375 3
314 204 71
376 3
566 132 81
377 3
381 239 61
378 3
25 216 101
379 3
484 252 91
380 3
526 70 51
381 3
620 127 61
382 3
887 252 61
383 3
741 246 61
384 3
286 248 61
385 3
681 69 71
386 3
877 266 71
387 3
943 63 81
388 3
429 147 101
389 3
170 180 71
390 3
610 50 51
391 3
816 293 61
392 3
434 93 51
393 3
1000 245 71
394 3
130 292 51
395 3
531 186 71
396 3
588 257 91
397 3
395 129 81
398 3
898 226 51
399 3
234 40 61
400 3
503 51 51
401 3
976 224 71
402 3
970 153 81
403 3
440 215 91
404 3
684 134 61
405 3
887 204 51
406 3
113 219 91
407 3
650 270 61
408 3
96 171 81
409 3
6 138 101
410 3
390 212 101
411 3
438 99 61
412 3
109 284 51
413 3
686 189 81
414 3
478 82 61
415 3
394 60 71
416 3
796 252 71
417 3
109 104 101
418 3
364 160 91
419 3
901 117 71
420 3
933 76 61
421 3
7 222 71
422 3
984 48 71
423 3
149 67 61
424 3
100 158 81
425 3
824 88 71
426 3
167 139 71
427 3
573 163 101
428 3
213 54 71
429 3
6 93 61
430 3
336 126 71
431 3
237 30 81
432 3
741 261 61
433 3
339 113 71
434 3
594 140 51
435 3
474 175 81
436 3
332 104 61
437 3
883 200 81
438 3
474 58 71
439 3
397 280 71
440 3
385 60 101
441 3
754 168 81
442 3
747 255 51
443 3
38 132 51
444 3
121 286 81
445 3
966 80 81
446 3
854 300 91
447 3
865 177 91
448 3
503 290 91
449 3
620 74 101
450 3
830 272 61
451 3
902 224 61
452 3
922 165 91
453 3
361 170 61
454 3
574 32 81
455 3
170 39 81
456 3
750 263 101
457 3
642 45 61
458 3
744 297 51
459 3
140 191 71
460 3
493 81 61
461 3
7 145 51
462 3
43 200 51
463 3
622 118 101
464 3
344 172 51
465 3
126 206 101
466 3
821 278 91
467 3
703 96 71
468 3
827 91 71
469 3
41 184 51
470 3
514 116 81
471 3
908 247 71
472 3
216 226 101
473 3
34 75 61
474 3
657 286 71
475 3
521 113 61
476 3
504 106 51
477 3
514 199 61
478 3
517 201 81
479 3
2 62 51
480 3
874 279 51
481 3
998 70 51
482 3
241 256 91
483 3
884 191 91
484 3
457 222 81
485 3
858 150 61
486 3
596 151 101
487 3
822 157 91
488 3
346 265 81
489 3
539 216 101
490 3
185 200 81
491 3
534 189 71
492 3
257 280 91
493 3
904 182 81
494 3
602 219 101
495 3
592 167 81
496 3
801 228 61
497 3
863 60 61
498 3
860 271 61
499 3
711 104 101
500 3
589 68 61
501 3
232 158 51
502 3
821 84 61
503 3
784 67 81
504 3
408 255 101
505 3
360 184 71
506 3
245 56 101
507 3
829 139 101
508 3
690 76 91
509 3
428 251 71
510 3
14 66 61
511 3
321 272 51
512 3
222 179 101
513 3
394 104 61
514 3
372 280 81
515 3
836 48 91
516 3
244 31 71
517 3
640 53 101
518 3
889 187 71
519 3
248 144 51
520 3
209 265 101
521 3
14 153 51
522 3
508 115 71
523 3
851 284 91
524 3
818 121 81
525 3
43 100 91
526 3
945 267 81
527 3
767 57 81
528 3
551 229 91
529 3
802 140 71
530 3
6 116 91
531 3
234 261 81
532 3
101 76 61
533 3
589 202 51
534 3
632 236 71
535 3
767 190 71
536 3
154 259 91
537 3
133 258 51
538 3
199 218 71
539 3
571 140 91
540 3
446 67 101
541 3
356 48 101
542 3
773 237 51
543 3
511 294 91
544 3
69 285 91
545 3
853 119 51
546 3
473 257 51
547 3
271 56 61
548 3
495 218 61
549 3
845 293 71
550 3
255 101 71
551 3
834 114 91
552 3
111 272 51
553 3
305 233 71
554 3
833 147 61
555 3
995 169 61
556 3
838 209 61
557 3
871 247 91
558 3
739 230 51
559 3
335 117 71
560 3
106 261 71
561 3
562 81 51
562 3
774 198 101
563 3
795 44 101
564 3
285 62 71
565 3
827 263 81
566 3
769 111 81
567 3
596 299 101
568 3
676 235 101
569 3
560 109 51
570 3
868 110 91
571 3
392 241 51
572 3
477 202 81
573 3
455 45 51
574 3
998 296 101
575 3
4 291 51
576 3
153 176 71
577 3
15 59 101
578 3
942 107 91
579 3
163 289 61
580 3
846 215 71
581 3
676 163 91
582 3
520 277 81
583 3
880 192 71
584 3
555 69 61
585 3
505 126 81
586 3
740 269 91
587 3
267 153 91
588 3
584 259 51
589 3
249 117 61
590 3
498 279 81
591 3
768 188 101
592 3
478 294 91
593 3
744 281 51
594 3
159 253 61
595 3
815 37 61
596 3
391 86 81
597 3
864 255 101
598 3
668 174 61
599 3
82 92 71
600 3
62 153 101
601 3
272 209 71
602 3
873 134 101
603 3
999 218 51
604 3
298 47 101
605 3
773 172 51
606 3
733 205 81
607 3
489 298 71
608 3
574 97 91
609 3
972 246 101
610 3
203 32 81
611 3
379 235 51
612 3
568 188 71
613 3
502 271 61
614 3
430 112 101
615 3
979 114 91
616 3
109 247 91
617 3
529 149 81
618 3
856 40 101
619 3
140 63 81
620 3
932 173 51
621 3
869 130 91
622 3
922 49 71
623 3
127 38 61
624 3
337 32 61
625 3
932 215 51
626 3
353 247 61
627 3
618 214 101
628 3
655 90 51
629 3
165 119 101
630 3
305 90 91
631 3
591 283 71
632 3
31 40 91
633 3
845 158 51
634 3
407 90 81
635 3
432 283 101
636 3
856 114 71
637 3
6 204 51
638 3
304 213 101
639 3
908 167 81
640 3
489 192 91
641 3
28 164 81
642 3
126 246 51
643 3
140 52 61
644 3
670 283 71
645 3
16 52 101
646 3
822 72 81
647 3
427 120 81
648 3
118 191 91
649 3
551 78 51
650 3
29 178 101
651 3
386 245 81
652 3
648 124 51
653 3
555 160 81
654 3
669 167 51
655 3
79 55 51
656 3
875 294 81
657 3
853 107 91
658 3
361 134 71
659 3
364 298 71
660 3
946 180 71
661 3
128 224 51
662 3
895 188 61
663 3
542 61 61
664 3
889 100 61
665 3
864 89 91
666 3
220 90 51
667 3
7 33 61
668 3
831 272 71
669 3
731 299 51
670 3
769 268 51
671 3
95 75 101
672 3
992 51 91
673 3
331 194 81
674 3
425 142 61
675 3
445 129 91
676 3
590 252 71
677 3
794 142 61
678 3
936 141 61
679 3
391 243 101
680 3
111 128 91
681 3
632 96 61
682 3
785 240 71
683 3
543 272 61
684 3
181 197 71
685 3
109 91 51
686 3
234 101 91
687 3
816 122 101
688 3
557 181 51
689 3
4 216 91
690 3
861 174 61
691 3
333 80 101
692 3
857 58 81
693 3
327 213 91
694 3
949 35 61
695 3
393 131 61
696 3
157 81 51
697 3
287 268 81
698 3
481 203 51
699 3
970 202 91
700 3
986 130 91
701 3
445 84 61
702 3
956 240 81
703 3
317 113 81
704 3
600 218 61
705 3
552 178 71
706 3
923 98 61
707 3
494 284 61
708 3
446 130 61
709 3
219 142 71
710 3
455 108 81
711 3
132 178 81
712 3
735 144 81
713 3
695 226 91
714 3
276 116 61
715 3
289 299 101
716 3
602 160 81
717 3
513 132 61
718 3
235 131 101
719 3
975 41 81
720 3
412 136 51
721 3
167 224 61
722 3
513 170 51
723 3
749 63 81
724 3
539 68 81
725 3
101 87 91
726 3
314 280 81
727 3
842 266 81
728 3
462 171 61
729 3
223 291 81
730 3
314 77 91
731 3
364 231 101
732 3
431 39 91
733 3
375 81 71
734 3
232 200 81
735 3
210 207 61
736 3
1000 285 91
737 3
370 159 81
738 3
342 123 51
739 3
950 106 51
740 3
449 281 101
741 3
636 92 91
742 3
826 135 51
743 3
342 42 91
744 3
121 244 61
745 3
714 83 61
746 3
432 254 91
747 3
546 145 101
748 3
636 252 61
749 3
912 282 101
750 3
482 216 91
751 3
685 158 91
752 3
494 113 91
753 3
977 188 81
754 3
91 184 71
755 3
270 272 81
756 3
187 133 61
757 3
391 162 101
758 3
183 248 81
759 3
894 111 91
760 3
492 230 81
761 3
789 206 81
762 3
479 161 51
763 3
967 192 51
764 3
635 98 81
765 3
590 195 51
766 3
428 247 91
767 3
266 149 81
768 3
12 54 101
769 3
761 293 91
770 3
399 266 101
771 3
536 139 61
772 3
514 93 61
773 3
414 38 101
774 3
954 45 51
775 3
120 242 91
776 3
918 240 81
777 3
111 219 91
778 3
154 204 81
779 3
623 175 71
780 3
729 214 61
781 3
742 126 91
782 3
477 238 51
783 3
293 153 81
784 3
178 217 61
785 3
159 291 61
786 3
515 262 71
787 3
359 281 61
788 3
153 240 71
789 3
651 63 81
790 3
912 210 81
791 3
870 292 61
792 3
587 298 71
793 3
560 255 101
794 3
392 83 81
795 3
581 83 81
796 3
285 271 91
797 3
92 158 61
798 3
42 187 81
799 3
941 176 51
800 3
799 193 101
801 3
120 206 71
802 3
137 247 71
803 3
944 299 71
804 3
235 155 101
805 3
123 167 91
806 3
730 119 71
807 3
185 282 101
808 3
287 67 61
809 3
325 125 61
810 3
652 137 91
811 3
605 265 61
812 3
251 225 61
813 3
952 63 51
814 3
160 111 51
815 3
100 81 81
816 3
437 117 91
817 3
896 196 51
818 3
413 252 61
819 3
506 56 101
820 3
382 193 51
821 3
352 166 81
822 3
531 147 101
823 3
516 87 71
824 3
323 258 51
825 3
819 142 61
826 3
565 172 91
827 3
555 157 61
828 3
782 42 81
829 3
339 62 51
830 3
240 95 101
831 3
319 228 91
832 3
843 256 101
833 3
985 242 81
834 3
963 152 101
835 3
440 181 51
836 3
629 223 81
837 3
917 92 81
838 3
137 104 101
839 3
594 61 51
840 3
585 244 61
841 3
987 267 81
842 3
373 265 71
843 3
339 228 61
844 3
70 194 81
845 3
63 202 61
846 3
724 284 91
847 3
524 35 51
848 3
1000 234 81
849 3
873 228 61
850 3
972 184 51
851 3
8 90 91
852 3
444 181 51
853 3
546 217 71
854 3
678 216 71
855 3
601 175 101
856 3
719 149 91
857 3
164 82 71
858 3
482 262 61
859 3
193 66 91
860 3
177 269 81
861 3
431 295 91
862 3
343 111 81
863 3
224 255 101
864 3
798 292 51
865 3
692 92 91
866 3
378 260 81
867 3
137 182 61
868 3
25 297 91
869 3
863 54 81
870 3
349 112 71
871 3
244 188 71
872 3
352 172 71
873 3
523 146 61
874 3
453 76 101
875 3
362 104 51
876 3
358 292 61
877 3
406 287 91
878 3
5 69 71
879 3
704 143 81
880 3
877 73 81
881 3
553 54 51
882 3
128 239 101
883 3
797 159 61
884 3
829 192 71
885 3
487 84 61
886 3
80 190 61
887 3
647 207 81
888 3
302 76 101
889 3
96 253 51
890 3
488 266 101
891 3
106 47 91
892 3
203 115 91
893 3
881 72 101
894 3
510 285 51
895 3
966 79 51
896 3
98 170 71
897 3
369 79 71
898 3
9 45 71
899 3
465 159 61
900 3
28 247 51
901 3
952 45 91
902 3
655 42 51
903 3
292 263 81
904 3
971 167 61
905 3
785 195 91
906 3
760 119 101
907 3
547 203 51
908 3
191 298 101
909 3
779 105 71
910 3
621 143 71
911 3
506 182 101
912 3
16 123 91
913 3
210 252 81
914 3
33 139 81
915 3
756 285 101
916 3
457 169 71
917 3
124 92 101
918 3
160 290 91
919 3
580 114 91
920 3
485 182 51
921 3
494 261 91
922 3
67 245 81
923 3
399 49 51
924 3
72 149 51
925 3
613 213 101
926 3
144 111 91
927 3
769 58 91
928 3
519 57 61
929 3
188 299 101
930 3
528 207 101
931 3
794 231 101
932 3
364 218 51
933 3
605 242 91
934 3
364 102 91
935 3
104 262 81
936 3
516 256 101
937 3
580 91 91
938 3
779 76 61
939 3
577 72 91
940 3
226 101 81
941 3
881 110 101
942 3
598 258 91
943 3
724 197 61
944 3
962 78 81
945 3
515 236 101
946 3
290 276 71
947 3
918 184 81
948 3
941 86 101
949 3
964 73 71
950 3
610 109 101
951 3
312 249 51
952 3
844 74 91
953 3
876 174 61
954 3
163 77 91
955 3
765 243 81
956 3
658 158 61
957 3
231 62 51
958 3
134 199 71
959 3
702 183 71
960 3
111 31 101
961 3
103 105 101
962 3
253 178 61
963 3
571 193 71
964 3
974 202 51
965 3
258 40 61
966 3
859 149 71
967 3
169 199 91
968 3
809 237 101
969 3
962 81 51
970 3
948 77 71
971 3
636 119 61
972 3
435 296 51
973 3
331 89 61
974 3
295 144 51
975 3
148 66 81
976 3
288 229 101
977 3
743 238 81
978 3
676 230 61
979 3
625 102 91
980 3
23 164 71
981 3
457 229 61
982 3
508 156 91
983 3
294 78 81
984 3
849 186 91
985 3
861 208 81
986 3
279 229 91
987 3
808 55 61
988 3
626 272 81
989 3
89 156 81
990 3
278 240 71
991 3
551 197 51
992 3
885 209 51
993 3
880 69 51
994 3
667 283 91
995 3
291 112 71
996 3
430 233 91
997 3
39 187 101
998 3
495 261 81
999 3
794 210 91