1628
4 5357 5121 8148 6404
4 421 5913 2589 6255
4 5583 8785 6584 3629
4 9906 7710 5231 7529
4 1737 3987 8197 9487
4 4386 2094 6735 8754
4 5796 1756 998 2584
4 2395 2861 6312 59
4 6655 7923 8873 7569
4 7704 7444 6632 5515
4 9612 7262 8452 7796
4 2489 398 8407 5905
4 1729 9004 820 1248
4 6459 604 7064 7549
4 4848 8733 8189 6839
4 8603 9529 8437 5886
4 9354 9483 5744 1524
4 9213 4449 4233 6823
4 4318 4574 8479 6476
4 4100 9620 7108 3626
4 3904 1287 5416 2545
4 9383 4004 9131 4644
4 3697 1396 973 7792
4 5427 2061 370 9247
4 4041 2155 3015 847
4 4863 4631 3135 2843
4 6668 7168 44 5363
4 2222 2687 2117 1492
4 9618 2752 453 8284
4 5570 1561 9765 3505
4 7100 8854 8775 3273
4 461 1423 1385 2932
4 4036 8004 674 3715
4 3295 8287 6640 9813
4 8591 2345 3420 9888
4 5616 2096 5918 6639
4 7936 666 3825 1114
4 5090 1556 2331 2598
4 5251 2935 5592 9959
4 4695 6756 1081 8384
4 6762 4147 8689 6196
4 1677 7525 5001 1388
4 8119 3942 864 4473
4 9818 5989 6613 948
4 4106 5526 683 8911
4 8320 5083 3149 8240
4 9128 8585 7369 132
4 5211 2819 2246 7863
4 4194 5052 936 7819
4 8777 8814 2459 4670
4 7515 7577 876 8837
4 2968 3484 962 7290
4 7939 7368 2723 7950
4 752 110 3176 684
4 9256 8636 8991 7208
4 3457 2728 8392 4808
4 7101 9267 2212 5791
4 2196 8641 9614 63
4 371 5602 4090 281
4 6240 2499 3656 714
4 7259 4916 3678 2064
4 2475 9019 5651 2548
4 1101 1491 9894 1004
4 7834 4405 3765 3024
4 1013 839 7945 4685
4 5048 1071 7198 6170
4 4961 1115 7937 5945
4 9965 2124 3272 4579
4 3302 6677 7104 9986
4 1233 3795 384 7135
4 8152 1707 2070 3647
4 5042 2008 4788 4702
4 9295 2141 6782 854
4 7927 3499 1214 8058
4 1734 5101 5773 4430
4 6495 1164 336 5046
4 2115 49 6702 2558
4 7540 7201 4917 4957
4 2080 2922 6176 8063
4 8639 443 7202 2727
4 7409 5214 6381 4964
4 7896 7825 4886 7961
4 1341 976 5653 5295
4 9307 9568 82 818
4 1830 1146 7313 3463
4 4509 4983 3792 3047
4 8612 4874 6252 7757
4 6107 7595 3896 1210
4 5772 5982 4135 3096
4 3940 5713 7136 3566
4 3607 9305 4240 5310
4 2274 2964 1353 887
4 2228 8608 8485 9527
4 8338 3228 1851 6168
4 636 3293 4925 9433
4 4322 6550 4406 7305
4 3309 71 7516 1988
4 7543 8322 9866 6935
4 9129 1203 1955 1671
4 8745 4940 5625 7551
4 9795 4141 8116 3142
4 7145 1812 7 47
4 4185 4131 5219 594
4 5383 7326 7579 2259
4 3437 3114 1322 9539
4 8465 2456 8851 4637
4 1450 9552 1742 7231
4 4167 7359 5873 1094
4 4235 9 766 1713
4 3042 1934 5652 8387
4 5006 2686 9690 8803
4 4655 7583 3686 4561
4 532 7715 1050 8553
4 9525 5494 6129 4657
4 4074 2962 3844 2481
4 9263 7083 7447 3357
4 3072 727 3196 1895
4 4847 4112 6957 7032
4 723 4102 9235 9917
4 4475 8250 62 2293
4 9532 2982 2759 954
4 7088 4374 7308 8332
4 8736 1946 3337 4076
4 7196 2736 859 4320
4 3519 9196 992 8375
4 7648 6611 213 2652
4 9946 8767 8193 850
4 8010 5163 6882 9106
4 9063 1418 3689 1591
4 6547 5777 2342 8644
4 2045 4619 2340 6178
4 2726 9119 3155 4402
4 1724 5904 7725 5686
4 2060 4912 9966 2544
4 1568 3170 9747 2828
4 5172 4638 3672 2749
4 4995 6558 3757 8478
4 4490 5729 1433 3257
4 2642 2085 7851 120
4 1621 9576 8626 2795
4 3775 586 8601 9344
4 3648 6913 3781 7494
4 201 3542 6038 2862
4 7451 4139 2628 2870
4 6534 5931 6571 8397
4 7643 774 3112 1763
4 8138 4550 7464 6567
4 7148 403 7814 3593
4 7545 3889 8997 2323
4 5156 4150 328 2308
4 9542 6134 8186 9275
4 9302 18 4244 4959
4 676 4058 6467 7862
4 6537 3475 6927 7316
4 3376 4390 1383 58
4 9713 7079 9151 8267
4 2300 8865 5081 8233
4 9559 2814 2036 3869
4 8187 8242 9528 2213
4 9900 4044 3708 446
4 5366 8115 3840 3842
4 3451 6171 5845 8506
4 8259 8849 7166 1839
4 4480 778 8079 2305
4 7703 2123 2160 3583
4 7445 7673 11 1160
4 6147 5609 1711 8101
4 8616 9873 1552 3526
4 9320 1049 4837 9243
4 2267 5096 8430 3126
4 1936 2313 9605 8167
4 8094 5540 654 6359
4 2243 245 6123 1509
4 1136 7944 9374 7726
4 6050 7267 333 4284
4 2023 5854 7008 6777
4 9514 3950 7953 6580
4 5359 3913 2535 687
4 5324 9921 5136 2282
4 2985 8509 3618 8286
4 8036 7466 4551 1231
4 7385 2944 3632 4498
4 6300 3106 9289 4902
4 2920 2674 8367 3253
4 373 65 3745 3899
4 9784 6842 5919 6481
4 7522 5209 9722 1845
4 1767 7922 2718 706
4 9340 2203 9283 177
4 2817 1427 4690 8348
4 9856 6060 8563 6985
4 5665 8701 463 6989
4 7026 5600 8026 8346
4 9942 2994 9732 1817
4 7700 7050 3229 8721
4 7756 4151 4965 6313
4 5622 780 1359 7212
4 3002 8047 2941 9649
4 593 9111 9691 4516
4 7920 8834 3083 1096
4 8697 6638 1357 6329
4 6582 1996 2572 2364
4 9252 8253 6363 717
4 2619 9778 3485 4352
4 1085 1372 522 9443
4 745 9366 2009 6316
4 7209 2571 565 2112
4 5962 8839 103 3368
4 4951 9751 3356 4582
4 4137 2802 67 6426
4 1336 1861 8477 6477
4 9779 709 251 8811
4 6602 8199 2647 9365
4 4351 5891 9123 7629
4 5909 2905 3089 9154
4 2351 6994 3443 9325
4 7119 257 7330 2536
4 9124 1976 7911 3496
4 5793 645 8751 8003
4 4259 1340 7981 6
4 8614 5492 2095 8200
4 7671 171 8947 1787
4 214 4134 3379 9546
4 9585 1701 9806 3308
4 6415 7489 8835 332
4 4884 5593 60 750
4 1510 4293 1202 2162
4 9629 3214 5544 6666
4 4477 1344 6914 4357
4 5239 8923 5244 8163
4 3062 9363 2957 7613
4 9968 4557 9974 4867
4 8501 1717 1820 5149
4 1001 5330 188 877
4 9930 9511 1351 296
4 8529 5236 5332 8658
4 8779 1740 7934 8651
4 6956 6297 1800 7057
4 5733 6342 4977 1883
4 5518 1505 4222 9962
4 1975 7391 2776 9550
4 5991 321 5970 4727
4 4711 7677 3730 1249
4 9545 9426 8431 1522
4 1564 924 3750 3473
4 9166 1364 8040 8168
4 2575 7439 7415 7344
4 6188 7153 5758 1965
4 4696 8449 9419 5131
4 4331 8915 3120 9341
4 5529 2245 4161 1743
4 4572 8056 7972 902
4 8990 1747 6738 8418
4 7647 5683 7210 2509
4 791 7699 5488 5074
4 5808 4717 8579 2573
4 5028 4415 3655 797
4 3579 2043 5728 1714
4 5835 6616 2265 7824
4 9397 6627 767 1061
4 9271 6273 1200 7524
4 6042 55 3087 5155
4 96 6419 301 9569
4 8866 264 3845 6742
4 7250 1673 9572 3834
4 8607 773 3830 3673
4 8548 8470 9626 6144
4 5720 4870 1523 1889
4 2952 3223 1636 2089
4 631 385 3306 9797
4 9853 197 2809 6410
4 9566 6336 8487 6226
4 8625 6309 3791 3905
4 1178 3137 8659 2055
4 8702 8132 6377 9048
4 5553 3167 7748 7436
4 1508 407 875 8671
4 4960 7567 8183 7302
4 4367 9250 3271 3557
4 3978 7155 4079 4043
4 6192 9718 1476 9689
4 5864 1810 1948 5610
4 5375 2612 4600 6198
4 4649 730 278 5308
4 6384 1998 6769 1228
4 4524 9952 9843 2486
4 3870 4200 9265 3367
4 6058 4861 3944 5476
4 9746 8707 8940 6747
4 6028 3001 1912 7443
4 2353 8172 7253 1853
4 283 432 836 3997
4 9871 9078 5170 1140
4 3857 2000 1429 8677
4 3 6010 1483 2912
4 6662 9507 6146 7118
4 85 8204 7412 4607
4 8297 4706 8442 4527
4 9755 6578 884 1040
4 8453 4532 3028 3885
4 7880 915 6012 6757
4 4179 5203 1587 2927
4 3278 263 8670 8683
4 7103 7095 6110 7978
4 6981 5803 3022 9908
4 6483 5849 1037 7296
4 5207 1720 513 7696
4 4469 9695 3508 7319
4 6320 995 1378 9464
4 3728 8964 8722 634
4 7618 7617 464 8929
4 2585 7603 4474 1821
4 1224 4883 8932 3877
4 6370 5174 8750 9599
4 4617 4565 3736 8692
4 3518 2877 7861 9359
4 1253 3037 7759 5197
4 6498 3362 8895 2939
4 6444 1484 1684 4786
4 4307 1708 4871 559
4 3561 1681 1073 1152
4 5785 2937 2627 3248
4 3375 4038 137 8328
4 1923 1117 4975 6367
4 1542 1526 7536 520
4 8524 5902 1116 1571
4 4439 2488 9880 6296
4 1154 5462 8466 970
4 7870 3892 8637 3853
4 4361 8956 2592 3511
4 8874 4521 2798 3055
4 5278 9197 3107 1712
4 4292 4668 174 17
4 7823 6656 5823 6577
4 7678 1833 916 6605
4 9849 172 2600 5547
4 9769 9961 9907 5705
4 7178 5839 7463 3544
4 7041 6231 2566 9425
4 5341 5941 8527 6389
4 1261 6965 5441 1361
4 6220 5998 7238 5563
4 4946 1726 7255 9350
4 56 2185 6938 5250
4 9984 5378 6715 7130
4 7215 145 3746 5446
4 5548 760 8516 9014
4 5503 1430 529 9092
4 2368 846 10 7624
4 7363 3769 7740 451
4 4604 1122 8714 738
4 3050 6856 5271 4663
4 8931 4731 9168 6526
4 8363 1234 525 3969
4 5151 844 9741 3134
4 3516 208 688 5325
4 2106 6583 6205 9121
4 1765 1601 9895 2165
4 1570 5649 9597 6364
4 297 912 1197 2766
4 6752 5118 9450 1827
4 2716 1487 923 1963
4 7778 7218 556 6133
4 6540 9214 7558 4990
4 6266 8239 7518 5579
4 9161 3540 139 117
4 7149 3104 4093 2295
4 2407 9182 6396 4230
4 926 164 8833 5948
4 8673 2007 2649 5013
4 8081 4491 6052 3691
4 3258 5017 7499 2309
4 2221 8161 5627 8824
4 8059 1589 9246 9594
4 5007 1648 5056 6451
4 2484 8044 2804 5899
4 9390 7839 8617 642
4 8650 5574 7318 211
4 4627 7346 6149 7152
4 3674 8293 8198 2836
4 7692 628 480 6645
4 5875 9135 6215 6731
4 4126 2127 7204 1015
4 2879 7983 2555 2811
4 6680 2848 2590 1010
4 87 3029 6102 8305
4 9719 7151 7752 8609
4 9490 1825 7278 9588
4 8247 6623 3276 6721
4 3932 6157 1847 2872
4 8653 5879 656 9471
4 3828 3973 9580 590
4 3608 1876 597 2125
4 9776 6036 5513 289
4 9414 8606 7954 4671
4 4555 1866 2538 931
4 1735 900 3692 6256
4 178 206 6193 3480
4 9286 1943 5487 1620
4 4859 3239 8652 1205
4 4650 3677 6350 6531
4 2516 28 7375 1856
4 9852 5824 4792 9382
4 1464 1159 2697 9499
4 8578 4170 5815 8134
4 6703 1393 7888 1311
4 6685 1056 2226 9276
4 4573 4522 8434 5058
4 3891 3808 8258 5981
4 3527 2999 8468 1718
4 1819 1632 7764 6111
4 6152 1129 6053 1874
4 5559 3132 124 3895
4 5061 8537 6443 6206
4 4496 6741 9407 3573
4 3092 1260 7875 834
4 6984 1877 9238 151
4 4054 2732 9748 4725
4 1994 307 290 9241
4 9637 8342 142 4933
4 8684 7105 2190 7475
4 5094 1642 9799 7993
4 53 6228 9675 3297
4 8967 1562 7777 2428
4 7734 7512 7610 4997
4 7542 1888 589 4857
4 2705 4611 9165 4661
4 236 3980 4055 1884
4 7413 5418 1837 9761
4 6306 7361 4636 4692
4 4814 2091 9714 9864
4 9730 253 4442 5644
4 9326 8907 9602 5371
4 7884 1704 5710 4865
4 9530 8032 2765 7219
4 8035 6676 6651 2490
4 6932 4592 4774 4875
4 6628 4989 5517 4066
4 4091 9376 4703 1445
4 7659 2241 6155 6849
4 7406 3558 2020 5044
4 7286 5794 3802 7594
4 540 4363 4381 3924
4 6557 5035 1282 1440
4 5235 362 7841 7662
4 4716 8123 2565 648
4 3912 9976 4926 8176
4 2854 735 4904 6827
4 9896 6326 3498 7090
4 9523 4506 6365 4187
4 7526 3654 3945 898
4 3839 6733 6380 4773
4 2887 9016 7074 5671
4 2254 8423 1023 4656
4 7003 4771 9650 3531
4 5020 1595 1598 4064
4 3553 2461 5916 5474
4 2400 9922 8241 3567
4 7733 2457 8333 2006
4 7382 5530 6366 5205
4 6976 6794 8597 1471
4 4410 4089 534 6289
4 2806 6673 7037 3906
4 5389 1332 1723 9456
4 4559 2081 9368 5898
4 3422 358 1467 7356
4 1406 1339 7374 8861
4 9453 1533 689 9220
4 7683 5355 2320 960
4 7432 6436 6076 4879
4 4412 9988 210 2783
4 9848 8432 6800 404
4 7914 6988 2907 8019
4 5336 1584 147 146
4 3760 6361 33 4720
4 2375 1422 5086 7249
4 6857 4495 9468 4639
4 622 489 5489 7943
4 9879 4375 6514 6528
4 8938 8715 7768 5457
4 8889 7821 5178 5551
4 8376 6490 9361 6778
4 4478 7534 4766 2462
4 3718 3323 909 9726
4 1609 7426 9043 4011
4 8648 7785 7419 8043
4 8153 2389 7310 3882
4 7818 5633 3704 3145
4 2381 6784 9192 9072
4 9684 9561 5869 8894
4 8898 2401 1529 1930
4 8150 3244 737 9703
4 7530 7230 3983 6340
4 5856 7175 2260 6016
4 4452 1021 4057 8823
4 3617 8845 3559 396
4 3582 2874 8325 7990
4 2398 3914 8679 3595
4 7592 5901 9631 7454
4 8954 6208 3299 2129
4 8299 4953 7917 150
4 6870 5467 3153 835
4 6585 9971 9143 3352
4 5776 9222 4026 9122
4 1922 1512 198 5085
4 8425 6202 3371 5255
4 7013 5380 39 7770
4 5920 3966 1090 2191
4 5865 8712 6466 804
4 5461 1952 8746 5556
4 635 7116 5522 3749
4 9429 6834 4823 9734
4 5832 1886 7956 3188
4 4907 4202 9183 9221
4 4467 512 9667 1507
4 3985 32 7596 7876
4 9802 359 8238 947
4 9549 6649 3075 5531
4 9062 8682 7010 8519
4 7966 5724 3136 5615
4 3339 7480 678 3129
4 9828 9091 9606 5756
4 7689 2134 1822 5908
4 6724 6700 2277 3011
4 4704 3811 7809 4124
4 3564 45 711 7221
4 9868 5896 2167 5566
4 7220 6184 2148 4640
4 6421 1761 4887 8276
4 4016 2924 3428 1256
4 1347 149 6574 7731
4 9173 2343 6873 4208
4 7970 2707 8264 1100
4 7186 3991 300 3641
4 6705 170 4514 849
4 6243 3322 5047 6811
4 9096 8632 6446 5584
4 8263 6160 5164 5451
4 8196 7964 1382 0
4 6264 2024 6203 6659
4 4465 6248 9752 9573
4 3694 2467 3020 471
4 313 5939 2983 3121
4 9459 6637 6015 6522
4 8562 3724 2198 2278
4 611 5166 5954 1199
4 9978 6903 7424 1174
4 8908 8752 7984 9328
4 8517 2672 8027 6553
4 6681 4335 4708 2495
4 5277 9299 7975 1157
4 4949 1908 1044 2062
4 1047 9996 9891 3127
4 9987 1181 4992 6596
4 9583 5860 5947 6942
4 8133 5657 4659 3818
4 7386 1569 8801 5040
4 6726 2875 6648 4215
4 9210 3681 7727 1593
4 9068 1179 3412 5240
4 8711 6112 9836 7425
4 4340 1411 5721 6022
4 2367 6017 2337 4511
4 9633 9038 5362 6719
4 7384 1106 433 8222
4 5449 708 5763 7521
4 3226 541 4456 2506
4 3203 4790 5173 8143
4 7509 9721 8863 562
4 5836 3517 1616 3894
4 8210 825 6478 8202
4 8160 6246 1381 2296
4 7500 1840 4419 514
4 5813 1668 5536 4286
4 3563 8413 5157 6351
4 3031 2702 8696 2954
4 9486 7555 968 8336
4 8864 4206 355 8810
4 8828 5496 204 2025
4 8667 4958 4052 6713
4 2601 6492 5730 1768
4 8139 4359 6275 6280
4 7877 1400 4742 5198
4 3105 608 889 9920
4 2120 7751 9935 465
3 1751 8876 2437
3 9995 8977 4092
3 8031 4188 234
3 8006 2329 6864
3 6051 3330 4943
3 5872 1535 2159
3 3596 9418 4801
3 1409 240 70
3 1012 8919 919
3 9269 3004 3972
3 9198 2033 9600
3 7633 4228 2578
3 6960 1843 1321
3 6263 3657 7924
3 5368 3809 5606
3 4858 955 7614
3 3235 8215 5082
3 530 9768 2661
3 9716 8454 456
3 9519 3311 1062
3 9187 9028 2746
3 8089 7397 7729
3 6576 5751 3926
3 4000 270 131
3 1640 9201 6890
3 431 430 7995
3 9767 978 620
3 9699 9332 5208
3 9446 2949 885
3 8137 3939 4301
3 6964 2193 2604
3 6698 4046 6008
3 6097 97 7663
3 2786 1750 5986
3 2762 9584 1939
3 1330 500 6161
3 372 9086 9431
3 9656 6761 3956
3 9538 4534 7170
3 8447 8401 2977
3 6003 1980 1036
3 5191 673 1259
3 4796 1744 4221
3 2632 9398 7991
3 2072 8822 7407
3 439 7457 4942
3 136 9944 2713
3 8180 6844 2772
3 6835 3590 1796
3 6824 6565 1519
3 5482 4798 3212
3 5245 2514 8859
3 2694 2102 8383
3 1475 9413 9083
3 8568 2595 2399
3 8435 1961 24
3 8326 1649 5752
3 8252 3280 2074
3 6352 6137 6121
3 4104 1318 956
3 3370 5666 183
3 9855 7674 6809
3 9075 7881 6197
3 8037 7800 4502
3 7895 6463 6450
3 6887 4777 7586
3 5732 4238 1279
3 4635 4387 2953
3 3793 3060 1694
3 3344 2207 4839
3 86 37 5994
3 9036 7471 1546
3 7554 7461 6302
3 4783 2881 4595
3 3822 2297 7724
3 2891 457 8900
3 1983 7320 6972
3 9009 1755 7362
3 8815 6963 8314
3 7812 7357 3543
3 7410 756 4358
3 6959 4400 2903
3 5897 1538 8093
3 5168 3364 2608
3 4248 9094 7094
3 602 4116 8930
3 487 458 8766
3 9137 9047 4434
3 9035 8353 2596
3 7387 6915 3951
3 7206 4399 335
3 6471 5024 3141
3 6311 2210 3052
3 4596 2144 6506
3 2149 9564 9215
3 9838 2785 5066
3 9578 4339 3021
3 9114 2956 4069
3 8486 2741 6332
3 6353 3875 9659
3 4504 221 2028
3 3347 801 392
3 2610 7850 3651
3 1536 1371 6448
3 462 7602 6818
3 7889 7078 2892
3 6925 2859 1161
3 6127 1688 3789
3 5628 4994 4982
3 2837 1678 3887
3 40 2059 1453
3 9820 6232 5233
3 9709 8663 6148
3 6175 4736 2469
3 5181 31 9394
3 4877 725 8028
3 2412 802 168
3 9993 7557 1009
3 9651 8737 7959
3 8543 5125 4488
3 8438 7694 6229
3 7859 4097 6944
3 7632 5106 4291
3 6328 1426 2307
3 4688 2685 3318
3 2683 1778 840
3 842 739 6725
3 502 8426 3012
3 9678 9540 402
3 9595 644 511
3 9223 152 7960
3 9015 4549 615
3 8576 6699 5128
3 8022 1959 639
3 5817 1220 3841
3 2169 2101 2950
3 393 343 1043
3 325 8804 6473
3 78 9489 4787
3 7742 4689 4567
3 7395 5959 613
3 5719 1869 848
3 5631 5558 8256
3 229 7423 8643
3 9227 8950 6034
3 7971 5882 5676
3 7803 5190 7314
3 5422 2388 68
3 4099 4031 6746
3 793 8097 3123
3 34 4855 9957
3 8903 1979 953
3 7994 6315 3679
3 7697 3903 7631
3 7532 1807 726
3 6952 1377 1165
3 4880 3743 7581
3 4826 1080 9892
3 3555 2472 7430
3 2242 1892 640
3 9887 7132 5850
3 6452 6005 5881
3 6225 5731 4723
3 5443 467 7666
3 4969 3698 7176
3 3515 1167 8629
3 1270 579 20
3 413 13 6357
3 305 252 5212
3 9475 8398 2164
3 9274 8571 4047
3 6922 4298 3396
3 5951 4811 2215
3 3509 477 76
3 2669 1590 9280
3 2304 2137 1502
3 2002 6046 3621
3 860 6563 6095
3 153 7826 4173
3 7496 6479 7713
3 6674 6291 3665
3 6189 2929 740
3 5950 5863 5829
3 4750 4451 4246
3 4267 4078 9524
3 346 57 2019
3 9337 4922 4679
3 8212 5146 2527
3 7951 3581 2629
3 7906 5161 2432
3 7036 4554 4279
3 4245 649 293
3 4155 3246 2358
3 3233 2898 1586
3 2232 1953 1369
3 1549 414 5026
3 395 8821 8456
3 193 7804 7565
3 9830 9065 3146
3 8986 6210 5346
3 8206 3449 2799
3 7252 7024 3504
3 6740 6544 3482
3 6104 3761 1416
3 4662 3902 949
3 4249 937 6244
3 1276 83 9526
3 9313 9157 4311
3 9234 5895 4314
3 7194 3261 2634
3 4747 4030 3838
3 3161 1194 1084
3 2824 2533 8675
3 2751 1286 1504
3 2531 868 554
3 1650 568 9543
3 9294 7743 2529
3 9105 8229 3431
3 8498 6270 3773
3 7813 7236 23
3 7653 7197 4653
3 6630 5714 2668
3 5387 1516 4856
3 5200 3263 8277
3 4537 1793 3806
3 3748 16 1250
3 444 8965 6258
3 9810 8440 1118
3 9692 9635 4767
3 9496 9488 2047
3 9458 7490 7963
3 9333 5401 3332
3 7018 6664 5672
3 6294 4398 3930
3 4501 3911 1527
3 4328 4176 1031
3 3174 2303 1032
3 1532 982 8642
3 1514 9958 4914
3 9680 6920 5237
3 9551 8201 6245
3 8952 1201 4841
3 8355 4892 4578
3 7559 7150 1986
3 6828 1891 4623
3 6612 1296 8179
3 4001 2442 9251
3 3316 675 9711
3 1452 9085 5834
3 9260 8654 1618
3 8729 6430 3880
3 8727 6822 3513
3 8289 6852 2264
3 6962 6693 4713
3 6744 5175 4935
3 6569 5373 3125
3 6510 6494 2143
3 5980 5199 1606
3 5059 1027 3099
3 3824 2712 4144
3 2671 499 7761
3 2422 9022 9002
3 9858 9149 4898
3 8918 5769 858
3 8177 6093 7622
3 8067 5043 459
3 5641 4775 3747
3 4605 3407 225
3 4447 365 3570
3 4164 8593 7957
3 9655 8981 7418
3 9272 5097 9611
3 8897 7237 8808
3 8235 7828 115
3 6604 5400 6130
3 4407 4095 3147
3 2328 8567 2335
3 30 9181 7849
3 9985 6118 1058
3 9624 8382 4562
3 7600 3547 1951
3 6846 6600 3274
3 2402 185 1898
3 1806 9073 6851
3 123 7190 4482
3 8978 6590 6323
3 8756 8108 94
3 8472 5831 7721
3 7048 6766 6398
3 6727 6002 1669
3 6126 5098 4156
3 5471 4558 7085
3 3355 2570 576
3 2946 1110 1132
3 2235 1865 9927
3 1978 8340 7665
3 9771 8753 6993
3 8806 6669 6472
3 8393 7616 2205
3 8388 7127 7868
3 7899 6899 2466
3 7315 6090 6078
3 7273 5442 4325
3 7247 5077 2046
3 4840 4197 2240
3 4694 9745 9613
3 4546 2220 5041
3 1639 9859 3883
3 9338 5944 5505
3 8734 8372 7329
3 8572 8129 5019
3 7805 6223 6711
3 7693 4489 473
3 7634 6524 5812
3 6304 3078 4804
3 3615 1754 896
3 3587 1835 1848
3 2591 2333 4564
3 2582 1288 3506
3 8640 7460 6774
3 5323 2911 2105
3 2294 516 160
3 2216 1271 1266
3 1774 7815 6671
3 899 9013 6560
3 9948 9603 8573
3 9877 6990 1192
3 9003 6697 1137
3 7275 6356 3878
3 6739 5702 419
3 5800 5621 3664
3 5613 5189 4172
3 5460 2730 5140
3 3884 3324 3265
3 2549 2234 1849
3 1313 22 101
3 1212 143 8021
3 9134 8996 2136
3 8994 6803 3933
3 7491 5276 3281
3 7123 7121 6064
3 4746 4308 3038
3 4312 2754 9744
3 3439 2237 1653
3 2199 9679 6581
3 1086 9261 5268
3 9029 6063 3402
3 8773 5134 4255
3 7931 7686 4217
3 5397 3849 2453
3 5171 2793 2781
3 3578 3097 417
3 2390 906 6831
3 1699 558 753
3 9844 8411 6035
3 9230 9194 5523
3 9008 7510 6595
3 8716 5903 4394
3 8084 5598 2852
3 6636 5426 4599
3 6414 4136 1170
3 6023 4918 1461
3 5234 3873 3782
3 4818 2417 1127
3 4196 2268 1656
3 2289 2016 8789
3 1488 550 7400
3 1480 796 9901
3 381 7117 6096
3 9759 8049 5253
3 8793 8759 7786
3 8464 8316 4613
3 8166 6520 2775
3 7233 6261 1624
3 6132 4630 2406
3 5246 3817 3131
3 4678 3491 3381
3 3888 2951 2621
3 2444 1093 159
3 1783 1172 6432
3 828 472 7788
3 219 8987 8618
3 8633 8539 7903
3 7684 7309 6529
3 6953 6517 845
3 6373 3442 1627
3 6227 5770 1814
3 5736 4094 3783
3 4910 3965 3262
3 3334 2334 1867
3 3300 1665 893
3 2731 1404 133
3 2068 217 7969
3 1985 9534 5391
3 279 8165 7501
3 9575 9502 4479
3 9535 6180 5313
3 7925 5966 1781
3 5972 5577 2065
3 5917 5586 4088
3 5398 3401 2711
3 4932 3721 2750
3 4487 3312 4193
3 3744 2987 2554
3 3584 1801 218
3 2281 1836 1208
3 1221 8665 6417
3 610 9660 7675
3 9200 7980 5064
3 7898 7388 3862
3 7371 4894 7110
3 6812 1904 1899
3 6586 3539 669
3 5370 3445 5132
3 5104 1646 651
3 3927 2722 7695
3 1184 990 9846
3 401 9941 2947
3 9882 9770 3216
3 9754 7672 2464
3 8694 7289 4981
3 8638 5481 4428
3 7502 5599 1292
3 7065 4544 4538
3 5594 3411 3076
3 4529 3929 3124
3 3947 2184 2326
3 3085 934 1716
3 2376 1638 8934
3 545 89 9209
3 9356 8015 7902
3 9156 8268 2087
3 8842 6405 4669
3 8584 8525 7664
3 7907 6770 3017
3 7043 5511 827
3 6259 5345 3807
3 4628 3424 2560
3 3521 2173 1130
3 1935 1299 1683
3 1928 292 163
3 977 771 144
3 757 249 7608
3 9670 8732 6973
3 9140 9089 6307
3 7744 7096 2050
3 7177 6958 6068
3 6805 6497 3580
3 6409 2022 1469
3 5122 3115 2990
3 4833 4163 1138
3 2835 2463 894
3 2567 2057 304
3 2480 1870 1120
3 930 207 8273
3 9860 8853 3941
3 9785 7553 7223
3 8776 8709 7014
3 7962 7274 7134
3 6331 4842 3313
3 5804 5429 2011
3 4882 1209 316
3 4646 4553 3610
3 4149 618 241
3 1331 691 157
3 288 199 9152
3 9491 8886 8298
3 9225 8502 5514
3 9179 7640 7544
3 8409 8068 3893
3 7878 7216 6425
3 7642 5725 3541
3 7163 6541 3186
3 6897 6301 5192
3 4948 3178 728
3 4392 2564 287
3 4337 2227 865
3 3353 356 9100
3 2179 9647 7229
3 643 9710 7546
3 9863 9367 7019
3 9406 8870 5718
3 8645 8534 4355
3 7795 7298 6904
3 6513 5578 5182
3 6387 5329 4789
3 6213 5663 5254
3 5550 3753 108
3 5206 4714 3006
3 5060 4468 1971
3 4226 2805 1574
3 2418 2288 819
3 1958 1277 1841
3 1652 862 616
3 1227 9617 9329
3 9885 9553 7087
3 9870 9232 5952
3 9172 8941 8740
3 8310 6796 6629
3 8141 6087 5825
3 7948 6814 5658
3 5848 5741 4598
3 5612 5534 5424
3 4634 4143 867
3 4508 3536 2239
3 3798 3438 733
3 3425 2841 2563
3 2163 1495 186
3 1809 784 4791
3 425 9590 9423
3 9582 9158 6484
3 9570 8564 5611
3 7556 7091 2344
3 7349 4693 3812
3 6620 3712 3208
3 5958 2689 2577
3 5771 3209 800
3 5573 5510 1661
3 2435 2201 1615
3 2318 1700 1563
3 1479 1376 769
3 378 347 9346
3 348 226 9862
3 9876 9555 8103
3 9314 8771 8309
3 8321 7799 7441
3 7434 7365 7333
3 6748 6125 4906
3 6253 4290 383
3 4986 4518 2152
3 4726 3917 1685
3 4403 1403 719
3 1099 189 128
3 789 8493 7946
3 9954 8064 7580
3 9819 7835 7459
3 9205 8086 7541
3 8347 7140 5409
3 7758 7060 5316
2 6917 6701
2 6692 5294
2 5183 4939
2 4709 4211
2 3213 1909
2 2586 2451
2 2470 1788
2 2012 1196
2 1949 1494
2 1235 1131
2 958 415
2 633 441
2 349 8379
2 9737 8960
2 9323 6457
2 8686 8282
2 8080 6456
2 6279 5343
2 5379 4996
2 5148 3949
2 3860 2878
2 3859 3784
2 3327 2550
2 2382 1993
2 2356 1799
2 1868 1679
2 1284 1230
2 1188 831
2 1180 1119
2 863 703
2 361 291
2 203 9372
2 9999 7807
2 8875 7965
2 8726 8406
2 8412 7669
2 7507 7479
2 6843 5694
2 5779 4621
2 5410 3821
2 3247 1818
2 2498 2384
2 2483 2035
2 1732 509
2 1611 1335
2 1323 782
2 1105 388
2 935 693
2 405 4
2 280 8970
2 9807 7307
2 9663 8985
2 9102 8955
2 8784 7753
2 8410 6233
2 7251 6085
2 6407 4734
2 5833 5699
2 5051 4675
2 4950 4632
2 4664 4633
2 4344 4330
2 4254 3787
2 3394 2789
2 2579 2324
2 2378 1135
2 1133 922
2 1111 1046
2 1074 268
2 258 200
2 227 8791
2 9742 9701
2 9724 7791
2 9636 8523
2 9604 7667
2 8461 6635
2 6983 6500
2 5977 5844
2 5356 4461
2 4979 4107
2 3922 3389
2 3639 3386
2 3292 2942
2 2541 2405
2 2386 2311
2 2373 2086
2 1987 811
2 1553 1029
2 983 318
2 662 376
2 9717 9644
2 9632 9186
2 9557 9533
2 9162 8731
2 9148 8602
2 8491 8374
2 8164 7092
2 7399 6434
2 7322 6371
2 6158 5327
2 5177 5005
2 4425 3827
2 4371 794
2 3385 3199
2 2715 2676
2 2508 2410
2 2030 491
2 741 173
2 342 9773
2 9342 8872
2 8725 7992
2 8136 7706
2 7820 7627
2 7340 6254
2 6647 6420
2 6242 5885
2 5413 5266
2 5187 4369
2 4810 3866
2 4273 4220
2 3819 3756
2 3008 2883
2 2825 872
2 1992 1918
2 1534 621
2 409 7832
2 9977 7228
2 9609 8857
2 9282 7069
2 7712 5957
2 7636 6678
2 5643 5399
2 5210 5073
2 4978 4435
2 4651 1969
2 4323 3935
2 3799 3267
2 3794 2934
2 3225 2747
2 1897 1705
2 1554 1415
2 1439 1206
2 1329 1045
2 1063 984
2 917 821
2 195 148
2 69 9963
2 9362 8613
2 9327 9159
2 8879 8758
2 8728 7938
2 7736 7408
2 7547 7393
2 7276 7033
2 7264 6480
2 7243 7093
2 7165 6499
2 6234 6174
2 5979 5853
2 5883 5840
2 5470 5265
2 5361 5167
2 5045 4807
2 4535 4356
2 4260 4237
2 4214 4032
2 4103 3227
2 3620 3144
2 3474 3058
2 3466 2873
2 2884 2803
2 2503 2427
2 2172 2166
2 1731 1610
2 901 605
2 652 508
2 483 437
2 435 312
2 9822 9787
2 9775 9070
2 9011 8780
2 8778 8570
2 8770 8535
2 8507 8142
2 8395 7915
2 7793 7588
2 7416 7097
2 7172 6901
2 6841 6654
2 6675 5745
2 6077 5508
2 5350 4758
2 5340 4860
2 4822 4372
2 4224 3636
2 2996 2500
2 2425 987
2 2330 1654
2 1305 194
2 179 9415
2 9749 9380
2 8877 8144
2 8786 8311
2 8117 7789
2 7639 7059
2 7427 6187
2 6853 4972
2 4891 4890
2 4732 3984
2 4577 3082
2 3879 3530
2 3476 2206
2 2769 1142
2 2556 2170
2 596 184
2 303 111
2 209 192
2 118 9571
2 9931 9421
2 9264 9218
2 8975 8405
2 8961 8361
2 8417 7942
2 8224 8038
2 8114 7883
2 7856 7578
2 7561 7098
2 7086 6141
2 6128 5557
2 5279 4376
2 5107 4285
2 5067 3777
2 4175 3189
2 3044 2520
2 1831 729
2 1728 1614
2 482 478
2 9556 9436
2 8272 8244
2 8135 7741
2 8061 7590
2 7075 6411
2 6902 6308
2 6614 5993
2 6156 4724
2 5983 5747
2 5906 4952
2 5696 4523
2 3727 3717
2 3716 2974
2 3493 1972
2 2812 2808
2 2771 2512
2 2485 1695
2 1517 121
2 1485 908
2 274 230
2 9793 9031
2 8530 8462
2 8075 7187
2 8009 7045
2 8002 7847
2 7606 7483
2 7077 6937
2 6833 6720
2 6682 6559
2 6177 5483
2 5504 4699
2 4899 4470
2 4232 3685
2 2098 2039
2 1625 1350
2 1496 781
2 156 8797
2 9736 9126
2 8880 8698
2 8561 8542
2 8500 7864
2 8220 8045
2 8110 8011
2 7730 6607
2 7017 6545
2 6429 6265
2 6428 5870
2 5727 5617
2 5533 5304
2 5213 4845
2 4333 4098
2 4063 2602
2 3635 2827
2 2532 1937
2 2272 2271
2 2110 1749
2 1283 1226
2 1177 507
2 833 574
2 424 311
2 256 61
2 9686 9498
2 9457 8868
2 9357 9301
2 8635 8556
2 8494 8159
2 7550 7533
2 7404 7248
2 7337 5938
2 7068 5382
2 6971 5260
2 6026 5377
2 5783 5262
2 5158 4980
2 5023 4966
2 4913 4588
2 4876 4427
2 4440 4297
2 3690 3307
2 3108 2447
2 3059 3053
2 3023 1917
2 2657 1984
2 2298 2231
2 1804 1753
2 1696 1326
2 1634 1513
2 1501 1171
2 1006 795
2 866 682
2 428 81
2 9932 9521
2 9910 9296
2 9007 8924
2 8850 8441
2 8473 8190
2 7929 7833
2 7830 7711
2 7682 7292
2 7367 7139
2 7138 7030
2 7022 6998
2 6551 6293
2 6539 6075
2 5907 5480
2 5754 5008
2 4305 4262
2 3993 3469
2 3268 2252
2 1789 1703
2 1622 903
2 1166 959
2 803 9823
2 538 406
2 8968 8592
2 8555 7453
2 7584 7514
2 7067 6237
2 6617 6412
2 6257 6021
2 6098 5910
2 5632 5472
2 5585 3846
2 4770 3534
2 4591 3205
2 3361 2900
2 3266 2673
2 2583 2393
2 2357 2310
2 1932 1762
2 1307 182
2 1275 9698
2 9577 9044
2 9548 7129
2 9042 7523
2 7688 7281
2 7102 6859
2 6848 6799
2 6533 6519
2 6393 5281
2 5926 5900
2 5693 4923
2 5010 4893
2 4851 4453
2 4843 4060
2 4830 4283
2 4793 4048
2 4019 3963
2 3854 3416
2 3705 3154
2 3286 2645
2 2138 1824
2 1191 1149
2 668 603
2 658 9914
2 9861 9411
2 9311 8001
2 9297 8541
2 9189 8085
2 7985 7071
2 7658 6961
2 7574 6643
2 7000 6222
2 6454 5430
2 6040 5640
2 5100 4571
2 4911 4236
2 3994 3810
2 3803 3611
2 3591 3382
2 3169 2546
2 2961 2928
2 2899 2664
2 2385 2026
2 1878 1770
2 1612 1190
2 921 452
2 698 341
2 275 224
2 25 9972
2 9554 9270
2 9229 9204
2 9146 9059
2 9101 8554
2 8334 8231
2 8000 7852
2 7890 7782
2 6923 6862
2 6592 6509
2 6334 6290
2 6195 6185
2 6119 6031
2 5838 5828
2 5809 4691
2 5538 3696
2 4009 3990
2 3719 3619
2 3523 3454
2 2709 2662
2 2656 2280
2 2153 1302
2 1775 972
2 886 746
2 659 582
2 526 319
2 468 238
2 54 27
2 9933 9024
2 9825 8118
2 9720 8109
2 8034 7504
2 7488 7261
2 7011 6772
2 6850 6516
2 6491 6283
2 6391 5386
2 6199 3754
2 5635 5549
2 4821 4525
2 4209 2038
2 3413 3156
2 2980 1777
2 2525 1873
2 1667 1134
2 1316 412
2 999 180
2 9400 9150
2 9336 8757
2 8546 8344
2 8508 5697
2 8318 8098
2 7222 6792
2 6163 5949
2 5859 5778
2 5257 5227
2 5014 4987
2 4705 4556
2 4581 4252
2 4520 4132
2 4174 3843
2 4034 3645
2 3383 2010
2 2758 1880
2 2154 1725
2 1308 422
2 1237 1087
2 573 379
2 9929 8511
2 9833 9321
2 9638 9164
2 7921 7882
2 7822 7183
2 7042 6631
2 7005 5619
2 5820 5539
2 5527 5466
2 5406 5342
2 5153 5029
2 5108 5049
2 4976 4438
2 4062 3788
2 3643 3546
2 3628 3340
2 3201 2733
2 2858 2706
2 2431 1964
2 1915 1664