1628
4 5357 5121 8148 6404
4 421 5913 2589 6255
4 5583 8785 6584 3629
4 9906 7710 5231 7529
4 1737 3987 8197 9487
4 2094 4386 6735 8754
4 5796 1756 998 2584
4 2395 2861 6312 59
4 6655 7923 8873 7569
4 7704 7444 6632 5515
4 9612 7262 8452 2489
4 7796 5905 398 8407
4 820 604 1248 6459
4 1729 9004 8603 7064
4 7549 9354 5886 8437
4 4848 8733 8189 6839
4 9529 4449 4233 3626
4 9213 4318 5744 1287
4 1524 8479 4574 9483
4 4100 9620 7108 3904
4 6823 5416 2545 9383
4 6476 1396 847 4041
4 4004 9131 5427 4644
4 3697 973 7792 9247
4 370 2061 4631 9618
4 3015 2155 4863 453
4 6668 7168 44 5363
4 3135 2222 2843 8284
4 1492 2752 7100 3505
4 2687 5570 9765 1561
4 2117 8775 8287 2935
4 461 1423 3273 7936
4 3295 6640 2932 5616
4 4036 8854 8004 674
4 1385 8591 6639 9813
4 3715 5918 2345 2331
4 2096 3420 666 6762
4 1556 5090 2598 6756
4 4695 5251 5592 9959
4 3825 1114 6196 8384
4 1677 4147 8689 5526
4 1081 5001 8119 1388
4 7525 4106 6613 3942
4 9818 5989 948 2246
4 864 9888 683 8911
4 8320 5083 3149 8240
4 4194 5052 936 7819
4 4473 3484 7369 8585
4 5211 2819 132 7863
4 9128 2968 7577 7515
4 2459 4670 8777 8814
4 962 2723 7939 7950
4 876 8837 8991 8636
4 7368 110 8641 752
4 9256 371 7208 7101
4 3457 2728 7290 281
4 8392 4808 1101 3176
4 2196 684 7259 9267
4 2212 5791 63 9614
4 2499 714 1013 3656
4 6240 5602 2548 5651
4 2475 9019 4090 9894
4 2064 3678 4916 3024
4 7834 4405 3765 1491
4 839 7945 4685 6170
4 5048 1071 7198 5945
4 4961 1115 7937 6677
4 1004 1233 9986 3795
4 9965 2124 3272 4579
4 3302 3647 5042 5046
4 8152 1707 2070 7104
4 384 7927 854 5773
4 2141 6782 9295 2080
4 1734 5101 4702 7961
4 2008 4788 1164 2115
4 7135 1341 2922 8058
4 6495 4430 2558 3463
4 336 8639 8063 7201
4 1214 5214 4957 6381
4 7540 443 7313 1146
4 4917 7409 4964 7896
4 3499 7825 7202 976
4 5653 4886 5295 3096
4 49 6702 6107 6176
4 1830 4509 818 4874
4 9307 9568 82 7595
4 4983 8612 3792 3047
4 5772 5982 4135 2274
4 7757 3607 5310 5713
4 3940 6252 3566 7136
4 2727 2964 1353 7516
4 2228 887 3309 7543
4 8338 3896 636 3293
4 9305 4240 4406 4185
4 3228 6168 8322 1851
4 1210 8485 7305 8608
4 4322 6550 9129 1203
4 71 4925 1988 9866
4 9433 8745 4940 5625
4 6935 1955 1671 7551
4 7145 1812 9527 7
4 9795 4141 8116 3142
4 3437 3114 594 1322
4 5383 7326 7579 2259
4 47 4131 5219 4235
4 1450 9552 1742 7231
4 2456 8465 8851 4637
4 4167 7359 5873 1094
4 9 1713 766 9539
4 3042 1934 5652 8387
4 4655 7583 3686 8803
4 5006 2686 9690 2962
4 532 7715 1050 8553
4 4074 1895 62 4475
4 4561 9525 4657 6129
4 5494 4847 723 7447
4 3844 727 2481 2293
4 9263 7083 4374 3357
4 3072 4112 6957 9532
4 2759 9235 4102 2982
4 8250 1946 8736 4076
4 9917 213 859 7308
4 7088 7032 8375 4619
4 2736 7196 8332 2342
4 3519 954 3196 9196
4 7648 4320 8010 5163
4 9946 5904 1724 1591
4 2045 6611 2652 4402
4 6547 9063 1418 3689
4 2726 9119 3155 3337
4 5777 8193 8767 2060
4 6882 850 2340 6178
4 7725 3170 1568 992
4 9106 8644 1433 7643
4 5172 4638 3672 2749
4 2544 9966 6534 5729
4 4490 9747 2085 2642
4 4912 4995 6558 3257
4 1621 9576 8626 2795
4 586 3775 2828 3542
4 3648 9344 3781 6038
4 120 201 8601 2628
4 3757 8478 1763 6571
4 5686 6913 8397 7814
4 7451 4139 7851 6567
4 7494 4550 5156 328
4 774 5931 7545 3112
4 7148 403 8138 3593
4 3889 9542 8997 2323
4 7464 4244 2862 4058
4 8186 2870 6134 6467
4 676 4150 2308 2036
4 9302 18 9151 8267
4 3376 3475 4390 3451
4 6537 7862 7079 3840
4 2300 58 4959 9559
4 9275 5081 8233 3869
4 9713 6927 8865 6147
4 8187 7316 9528 8242
4 1383 4044 3708 2123
4 2213 8115 5366 2814
4 9900 446 8849 8259
4 4480 7166 1839 8094
4 1711 8506 5845 6171
4 5609 7703 9243 3583
4 7445 2160 778 1160
4 3842 2305 8616 9873
4 7673 11 9605 8101
4 8079 2243 3950 5324
4 9320 1049 4837 5096
4 1936 2313 3526 5540
4 2267 1552 3126 8430
4 245 6123 7267 4284
4 654 9514 6359 2023
4 1136 1509 3106 3913
4 333 8286 6050 2944
4 8167 7944 9374 2985
4 5359 7953 687 6300
4 5136 8509 9921 2282
4 7726 373 4498 2920
4 4551 6580 2535 5854
4 7385 1845 3253 5209
4 8036 7466 1231 7008
4 4902 6777 3745 1767
4 706 7522 8367 5665
4 6842 9784 3899 5919
4 3618 2817 8348 2674
4 3632 2203 177 9283
4 6481 9722 9289 8721
4 65 9340 4965 7026
4 1427 4690 8701 7756
4 7922 2994 6989 9732
4 6060 9856 8563 6985
4 2718 7700 6638 7050
4 5600 9942 8834 2941
4 463 3002 8026 2572
4 593 5622 9111 4516
4 1359 7212 8047 780
4 3083 9649 9691 1996
4 4151 6329 8697 9366
4 7920 8346 1096 8253
4 6582 6313 4951 3229
4 1357 1817 7209 717
4 2619 745 9778 1372
4 9252 522 9443 4137
4 1085 2364 103 7629
4 1336 3356 4352 3485
4 2571 2009 6477 67
4 5962 8839 565 1861
4 2802 9779 251 4259
4 4582 8477 6602 9123
4 6316 6426 6363 3368
4 709 2112 2647 8811
4 4351 5891 6 9751
4 2351 3443 9325 6994
4 5909 2905 257 3089
4 7119 5793 7330 2536
4 8199 9365 1202 1001
4 9154 645 5492 8751
4 1340 7981 1787 7489
4 9124 214 2095 8947
4 171 7671 4293 877
4 1976 3496 3379 7911
4 8614 9546 4134 9629
4 332 5593 1510 4884
4 6415 1344 4357 60
4 9585 1701 9806 8200
4 2162 4477 3214 9930
4 3062 9363 2957 7613
4 3308 5239 5544 8163
4 188 6666 8923 5330
4 1820 1717 5149 5244
4 4557 9968 9974 4867
4 8501 4222 1740 8835
4 750 8529 5236 5332
4 6914 8003 5733 6956
4 9511 5518 4727 4696
4 1975 8779 7391 2776
4 7934 1505 1364 8651
4 4711 321 7677 8431
4 5991 6297 1800 7057
4 6342 4977 1883 2245
4 1351 296 9166 9545
4 1564 924 3750 3730
4 8658 2575 1965 1747
4 4331 6188 7415 4161
4 7439 4572 7153 9962
4 8040 1249 1522 7647
4 3120 8990 7344 6738
4 5529 5758 791 3473
4 5970 7210 9419 9426
4 8915 9341 5131 5028
4 2509 4415 5488 96
4 3579 2043 9550 5728
4 4717 5808 8579 1743
4 7699 5683 767 1061
4 8168 8056 902 8418
4 8449 7972 3087 8470
4 5835 6616 2265 7824
4 1714 3655 6627 6419
4 2573 1673 7250 797
4 5074 9271 9397 301
4 6042 55 8548 2809
4 6273 631 3306 385
4 8866 264 3845 6742
4 9569 5155 2952 8487
4 1200 6144 9626 1948
4 1523 197 4870 9853
4 3830 5720 8607 3167
4 773 7524 3834 2089
4 1178 1636 3223 9566
4 1889 8625 4367 3271
4 1508 6226 407 9572
4 5553 7748 6410 8132
4 6309 6336 4079 3978
4 8702 3137 6377 5864
4 9797 8659 2055 6192
4 4960 9048 1476 9250
4 1810 7155 5375 730
4 3905 4600 2612 3791
4 7436 7567 4649 3673
4 8183 5610 875 6198
4 3557 9718 4043 6769
4 278 3870 6384 8671
4 1228 6058 4861 3944
4 1998 2486 9265 9952
4 4524 3001 5308 9843
4 4200 2353 9871 9689
4 283 8940 9746 1429
4 6028 1912 7443 3857
4 6747 8707 7412 2000
4 3 7253 8172 1853
4 5476 7302 2912 3278
4 85 3367 8204 3997
4 1483 6010 3028 6012
4 5170 9078 1140 8297
4 6662 9507 6146 7118
4 432 4532 5849 915
4 8677 5203 2927 3518
4 263 6981 9755 6578
4 836 8453 4179 7095
4 884 4706 1040 5207
4 1587 1720 4607 4469
4 4527 8683 3022 4883
4 7880 7103 7696 6757
4 6483 1708 7296 9695
4 8442 6110 3885 1378
4 513 995 464 4617
4 3728 7978 8964 4565
4 5803 8670 5174 3508
4 6320 1037 9464 1253
4 634 7617 6498 9908
4 1224 8929 1821 4474
4 2585 7603 1681 1073
4 7319 7861 7618 8722
4 2877 3877 8932 9880
4 6370 3561 3736 3375
4 3037 5197 559 4307
4 6444 1484 1684 7759
4 8750 4871 1923 520
4 1117 1526 1542 8328
4 2939 3362 8524 5902
4 3248 7536 9359 4521
4 4786 2627 1116 5785
4 8692 8895 137 1571
4 1152 6367 4038 2488
4 1154 2937 5462 9599
4 4439 6296 3511 9197
4 3892 7870 2798 8637
4 4361 8956 2592 8466
4 4292 4975 5278 17
4 8874 7823 5547 3544
4 3853 916 7678 172
4 5823 7041 56 846
4 1261 6656 6605 9961
4 1833 970 3107 6231
4 3055 7178 4946 4668
4 5341 1712 5941 6389
4 5839 7463 6965 2106
4 9769 6577 2185 6938
4 9849 2600 174 9984
4 1361 5441 6220 208
4 2566 9425 1726 3769
4 5705 9907 5446 145
4 8527 2368 6715 7130
4 5378 7255 5503 9350
4 5998 7238 529 451
4 760 5548 8516 9014
4 7215 10 5563 525
4 3050 6856 1430 1197
4 4604 1122 8714 738
4 5250 1765 3746 923
4 7363 7740 2716 9895
4 297 688 1601 3969
4 844 5151 9741 3134
4 1234 8363 9092 8673
4 1570 5649 9597 6364
4 3516 4663 4731 6266
4 8931 1487 6526 6205
4 5271 6583 6752 5118
4 9168 5579 7218 2165
4 556 6540 6133 9121
4 912 7778 8059 3540
4 1827 139 164 1648
4 2766 7624 1589 4093
4 5325 926 8833 7839
4 1963 2649 7558 6052
4 2407 9182 8239 7149
4 3104 2295 9450 8081
4 9161 2221 5007 117
4 2007 6451 5017 5056
4 3258 6396 7499 9214
4 4491 4126 480 3677
4 4990 7518 5899 5013
4 2484 4230 3674 628
4 5948 7152 2804 5574
4 8161 5627 2309 7983
4 211 8824 4627 9594
4 8044 8198 9490 8293
4 8650 2879 87 642
4 9246 9135 6623 8617
4 9390 6149 5875 3691
4 7346 7204 2848 2590
4 7692 1015 9719 7151
4 1010 2127 8247 1847
4 2555 656 2811 5879
4 6680 3276 2836 6157
4 1825 9588 4859 7278
4 3029 3932 6102 8305
4 6721 2125 1876 3480
4 7318 3608 2516 206
4 3828 6215 3973 9471
4 6645 7752 5513 6036
4 8609 289 8606 1943
4 8653 7954 178 2872
4 597 900 1735 3692
4 1866 4555 6731 9580
4 9414 1620 9286 5487
4 9776 3239 8652 931
4 28 7375 1856 1393
4 4650 6193 9852 6256
4 1159 1464 2697 9499
4 2538 4671 9382 5824
4 590 6350 8134 2226
4 1056 6685 9276 3132
4 1311 5815 4170 1642
4 6703 7888 1632 1205
4 8578 3891 5061 8258
4 1819 3808 6531 3092
4 3527 4573 5559 4054
4 4522 4496 8434 8537
4 834 4792 9637 8342
4 1129 5981 6152 1874
4 2999 8468 1718 9799
4 5058 1260 9238 6111
4 7764 6443 151 2732
4 124 307 1994 290
4 1877 6984 9407 53
4 6206 6741 8684 3573
4 3895 142 7413 9675
4 4933 7105 2190 4865
4 5094 7875 2490 6651
4 6053 1562 6228 1884
4 7475 4725 589 1888
4 236 4611 8967 7512
4 2705 4997 4857 4055
4 7542 4661 7777 4814
4 7734 9241 7610 7884
4 2091 6306 4692 7361
4 2428 9165 5418 5710
4 3980 5371 7993 8907
4 9748 1445 9714 9376
4 1704 9730 8035 6676
4 4442 253 6628 4989
4 9326 4636 5794 4091
4 3297 6932 4592 4875
4 4774 7219 9602 2765
4 8032 9530 2241 540
4 9761 9864 7286 1023
4 2020 3924 4066 3839
4 4703 7659 3912 2887
4 5644 7406 1837 3558
4 6155 6849 4187 7003
4 362 735 7090 4363
4 648 4926 4716 2565
4 1282 5235 7841 2854
4 4381 5044 3802 6827
4 5517 5035 898 2400
4 6557 1440 8123 1598
4 2254 3654 3945 8176
4 4506 9523 6365 7594
4 6326 9896 3498 9976
4 7526 7662 4904 6733
4 1595 5020 4656 4089
4 2461 3553 5916 5474
4 3531 4771 5671 4410
4 7074 9016 7382 6976
4 8423 8241 534 6794
4 2806 4064 2006 2457
4 3567 6289 5389 7374
4 6366 5530 2081 5205
4 6380 9650 7037 9922
4 7733 1467 358 8333
4 1339 1406 1471 7432
4 3422 9453 1332 1723
4 4559 7356 6673 6436
4 4773 5355 2320 7683
4 1533 4412 9220 689
4 8597 8432 6800 9848
4 9368 5898 9988 210
4 147 3760 4879 3906
4 404 6076 2783 9468
4 960 6988 489 8019
4 2375 33 7914 2907
4 5336 1422 5086 9879
4 8861 9456 146 5178
4 622 1584 1609 8894
4 4495 6857 4639 6514
4 6361 909 4720 7530
4 3323 3718 5457 6490
4 4375 5489 8376 5551
4 4478 4766 6778 7426
4 7821 8889 8043 6585
4 8715 8938 7768 7534
4 2381 7785 3704 8898
4 2389 3145 5856 7230
4 2462 8648 6528 9561
4 4011 7419 5633 7818
4 7943 9361 6784 6016
4 8153 7310 3244 8150
4 9043 3582 2401 1529
4 737 2874 5869 7249
4 1021 4452 9072 9192
4 2398 9703 396 3882
4 3617 9684 3595 1922
4 9726 2260 7175 8299
4 3914 2129 6208 3153
4 6340 7917 5901 8954
4 7592 3983 3299 9122
4 8823 1930 9631 3352
4 8845 3559 7770 5380
4 150 4953 5467 6870
4 1512 198 8325 5085
4 4026 4057 635 5776
4 39 5865 8712 6466
4 835 5255 7990 8425
4 1952 5461 8746 9143
4 3371 6202 9971 2191
4 3966 5920 1090 804
4 7013 3749 7010 6724
4 8679 4823 6834 3129
4 9222 4467 7454 9429
4 1886 3985 3188 5832
4 4202 4907 9183 9221
4 5522 7116 5615 5531
4 32 8238 947 5724
4 359 5556 9802 7956
4 512 9062 3136 45
4 3075 9549 6649 7596
4 3339 9667 3428 1507
4 7966 8682 6184 3811
4 711 1822 4124 2134
4 3564 9606 149 1761
4 4704 7480 9091 1347
4 7689 9734 2277 5908
4 9828 7809 8519 9868
4 678 2924 5896 4887
4 3011 4640 4208 6873
4 4016 6700 7220 2707
4 6421 7221 300 1256
4 170 2148 6243 5451
4 1100 2167 8196 3322
4 2343 6574 6705 7731
4 5756 7970 7876 8632
4 7186 3991 3641 4514
4 8276 2024 5566 849
4 9173 1382 6811 0
4 313 5939 8263 6203
4 3694 2467 6446 3020
4 4465 6160 5164 471
4 5047 7964 6264 6637
4 5584 9096 8752 8908
4 611 3121 9573 5166
4 2198 2278 8264 2672
4 3724 6248 8562 2495
4 9459 5954 7984 1908
4 1047 4708 8027 6553
4 4335 6681 9752 6015
4 4949 6659 9978 6903
4 5277 7975 9299 1157
4 8517 9996 6596 7425
4 1044 1199 2983 5657
4 1174 6522 8133 8801
4 4659 6942 7386 6726
4 7424 9891 9987 1181
4 9583 1179 9328 5449
4 1569 5240 5040 6648
4 2367 3681 4992 6017
4 2875 4215 3818 5362
4 4340 433 1106 5173
4 5860 5947 1593 4419
4 8711 1411 5721 6022
4 9068 3226 3127 3412
4 9210 3203 2062 1616
4 541 708 4286 9486
4 2337 4511 6112 7727
4 7384 9038 3517 1840
4 9633 6719 2506 4958
4 562 4790 5763 7521
4 5836 9721 8143 2702
4 7509 9836 1381 2296
4 8222 1668 8696 5813
4 514 3031 5536 6351
4 825 6478 8210 8202
4 3563 4456 3894 204
4 6246 8160 7500 968
4 355 4206 8864 8413
4 2025 4052 5496 8863
4 2601 5157 6492 6713
4 7555 1400 889 5730
4 8667 8336 7877 3235
4 8828 8810 3105 2954
4 608 465 2120 5198
4 1751 8139 6280 6275
4 1768 70 2329 2437
3 4359 4188 4742
3 1012 2159 9935
3 1409 8031 8876
3 1535 5872 9920
3 3330 6864 2033
3 3596 6051 9028
3 4092 8006 955
3 7751 3004 3809
3 8977 9995 1321
3 234 1843 6960
3 240 3972 7633
3 530 4858 9198
3 919 5368 1640
3 2578 4228 3926
3 3657 6263 131
3 4801 4943 8919
3 9269 5751 5606
3 9418 8089 7397
3 270 3311 456
3 430 431 1062
3 2746 4000 9600
3 5082 9519 9768
3 6576 7614 9187
3 7729 9716 500
3 7924 1750 620
3 8215 8454 2786
3 97 6008 6698
3 372 2604 2193
3 978 9699 9332
3 1330 7995 5986
3 1939 2949 3939
3 2661 6097 4301
3 2762 9201 5208
3 4046 1036 5191
3 6964 9584 4942
3 8137 1980 3956
3 9446 8401 9767
3 136 4534 673
3 439 7170 7663
3 1259 9086 6890
3 1744 2632 9656
3 2072 6161 6003
3 2977 8447 7407
3 4796 9431 2514
3 6761 9538 2102
3 885 2772 4221
3 1475 5482 9413
3 1519 3212 4798
3 1796 5245 6835
3 2694 6844 8180
3 2713 3590 8435
3 6565 7991 9398
3 6824 7457 8822
3 9944 1649 183
3 24 2595 2399
3 956 3370 1961
3 1318 2074 3280
3 4104 8383 8252
3 6137 6352 6121
3 8326 1694 5752
3 8568 86 9855
3 37 3793 9083
3 1279 4238 5732
3 2207 3060 6463
3 3344 4387 7895
3 4502 6887 6450
3 4635 5666 9075
3 4777 7800 8037
3 6197 7881 2891
3 6809 8859 7674
3 457 4839 2953
3 1546 1983 2881
3 2297 3822 7724
3 4783 6302 3543
3 5994 7471 4595
3 7461 7554 1538
3 7586 9036 9009
3 458 1755 7410
3 487 7812 756
3 602 8900 5168
3 3364 6963 6959
3 4248 4358 7320
3 4400 6972 3347
3 5897 7362 8815
3 7357 8314 7206
3 335 2149 4399
3 2144 3141 4596
3 2210 3052 6311
3 2596 2608 9094
3 2903 6915 8766
3 3951 7094 9215
3 4116 8353 8930
3 4434 9047 9137
3 5024 6471 2028
3 7387 8093 2610
3 9035 2956 40
3 221 392 4504
3 462 9578 4339
3 801 2785 8486
3 1371 1536 9564
3 2741 6332 3021
3 3875 6353 9659
3 6506 5066 5628
3 9114 2892 1688
3 9838 4069 6925
3 1161 2859 3887
3 1678 2837 6127
3 3651 6818 7850
3 3789 6448 4736
3 4994 802 4877
3 7078 7889 2059
3 7602 6175 2412
3 31 9709 725
3 168 6148 8663
3 1453 2469 6328
3 4982 5181 842
3 5233 6232 9820
3 502 2307 1426
3 739 7632 5106
3 840 1009 1778
3 2683 6229 6944
3 2685 7959 4688
3 4097 7859 393
3 4291 8438 5128
3 5125 8543 7557
3 7694 8737 3318
3 8028 9394 9651
3 9993 325 644
3 78 3012 4549
3 152 615 639
3 343 3841 9678
3 402 4488 5817
3 511 1220 1959
3 2101 2169 2950
3 6699 8576 4689
3 6725 8022 9595
3 7960 9540 9223
3 8426 9015 1043
3 229 6473 5631
3 613 7395 5959
3 1869 4787 5558
3 4567 8804 7423
3 5719 9489 34
3 7742 4031 5676
3 68 5422 2388
3 793 4099 6746
3 848 5190 8097
3 5882 7971 9957
3 6034 8256 9227
3 7803 8643 1377
3 8950 1080 7631
3 726 953 6952
3 1165 1807 1979
3 2242 7314 3903
3 2472 3123 3555
3 3679 6315 7994
3 3743 4855 477
3 4826 13 252
3 4880 7697 579
3 7532 413 4723
3 8903 640 1167
3 20 5881 6005
3 305 1892 7132
3 467 5443 5850
3 1270 5731 2002
3 3515 4969 6452
3 3698 7581 7430
3 6225 9892 76
3 9887 153 2164
3 860 1502 2137
3 1590 2669 5212
3 2215 2304 4298
3 3396 7176 8571
3 3509 6922 4047
3 4811 5951 8629
3 6357 9274 8398
3 7666 9475 6479
3 57 3621 6046
3 346 4173 7826
3 740 2929 4078
3 3665 5950 6674
3 4267 4750 4246
3 4451 6563 6095
3 5863 6189 3233
3 6291 9280 193
3 7496 293 2019
3 395 2527 4245
3 414 3246 1369
3 649 2432 5161
3 1549 2358 4554
3 1586 9524 4922
3 1953 2232 7906
3 2629 3581 7951
3 2898 4155 4279
3 4679 9337 5829
3 5146 8212 3902
3 7036 7713 949
3 83 937 8821
3 1276 3449 2799
3 1416 3761 5346
3 3146 7024 6210
3 4249 7804 554
3 4662 8986 1286
3 5026 6740 3161
3 6104 6544 3261
3 7252 8206 2533
3 7565 8456 9157
3 9065 9830 1084
3 568 2634 3504
3 868 1504 2531
3 1194 1650 2751
3 2824 4747 6244
3 3482 7194 2529
3 3838 4311 4030
3 4314 5895 9234
3 9313 9526 6270
3 16 1793 3773
3 23 5200 3263
3 444 2668 4653
3 1516 4537 4856
3 3431 7743 8229
3 3748 7197 8675
3 3806 5714 5387
3 6630 7236 7813
3 7653 9294 9543
3 8498 1118 3174
3 9105 1250 4328
3 982 1032 2047
3 1031 4176 9488
3 1514 2303 4767
3 1527 3332 5401
3 1532 6258 7963
3 3911 4501 8440
3 3930 6294 7018
3 4398 7490 8277
3 5672 6664 9458
3 8965 9333 4841
3 9496 9635 675
3 9692 2442 4001
3 9810 1201 8952
3 1296 4623 1891
3 1452 4578 3316
3 1986 4914 7150
3 4892 6828 7559
3 5237 8201 6245
3 6612 9551 5373
3 6920 8642 9680
3 8355 2264 2712
3 9958 1027 5059
3 499 2143 1606
3 1618 2422 3513
3 2671 5199 9251
3 3125 3880 5834
3 3824 4935 5175
3 4713 6693 6962
3 5980 8654 3099
3 6430 6569 8729
3 6494 6510 4164
3 6744 6822 9085
3 6852 8179 8289
3 8727 9260 4775
3 9711 365 5769
3 225 459 4447
3 858 7622 3407
3 3747 5641 4898
3 4144 8177 9002
3 4605 9858 5043
3 6093 9149 8235
3 7761 9022 3147
3 8067 8918 30
3 115 4407 4095
3 2328 5400 7237
3 3570 7418 8897
3 5097 7828 7957
3 6604 8593 1898
3 8808 9272 9611
3 8981 9655 1058
3 123 3274 8567
3 185 1951 2402
3 1806 3547 7849
3 2335 4562 6118
3 6130 6846 6600
3 7600 9181 1669
3 8382 9624 6323
3 9985 94 6590
3 576 1110 7721
3 1132 6766 2235
3 1865 3355 6727
3 1978 4482 4558
3 2570 2946 7190
3 4156 5831 5098
3 5471 6851 9073
3 6002 7048 8978
3 6126 8756 8108
3 6398 2205 2220
3 8472 4840 2466
3 1639 2046 9771
3 2240 7085 6899
3 4197 5077 5442
3 4325 4546 6090
3 4694 6472 7616
3 6078 7315 7868
3 6669 7127 7665
3 6993 8340 9927
3 7247 8753 8806
3 7273 8388 896
3 7899 8393 473
3 1288 2582 9338
3 1754 3587 9859
3 1835 3883 5505
3 2333 2591 6524
3 3078 4804 4489
3 3615 5944 8372
3 5019 6223 8572
3 5041 6304 6711
3 5812 7634 8734
3 7329 9745 7805
3 7693 8129 1848
3 9613 516 2105
3 160 1271 2216
3 899 2911 7460
3 1266 5323 3506
3 1774 4564 6774
3 2294 8640 22
3 101 1137 1192
3 143 1849 1212
3 419 1313 7815
3 2234 2549 2730
3 3265 3324 3884
3 3664 5621 5800
3 3878 5613 9003
3 4172 5189 9013
3 5140 6990 8573
3 5460 6697 6671
3 5702 6739 6356
3 6560 7275 1086
3 9603 9877 9948
3 1653 2136 8996
3 2199 3281 4308
3 2237 6803 3439
3 2754 3038 4312
3 3933 4746 7123
3 5276 7491 8021
3 7121 9134 8994
3 417 558 2453
3 753 6064 2793
3 906 1699 9029
3 2390 2781 4255
3 3097 3402 3578
3 3849 5397 7931
3 4217 7686 5171
3 5134 6063 8773
3 5268 6581 9679
3 9261 9744 2417
3 381 1127 1488
3 550 2016 4136
3 796 1170 2852
3 1461 3873 4918
3 1480 4599 5234
3 1656 2268 4196
3 2289 3782 5523
3 4394 4818 5903
3 5426 6035 8411
3 5598 6023 6595
3 6414 7510 6831
3 6636 9194 9008
3 8084 9844 219
3 8716 159 2621
3 9230 472 3491
3 828 6520 8166
3 1093 2444 2406
3 1172 1624 4678
3 1783 2951 3888
3 2775 3131 3381
3 3817 5246 5253
3 4613 4630 6132
3 6096 7117 7786
3 6261 7233 8759
3 7400 8049 9759
3 8316 8464 133
3 8789 8793 9901
3 217 1627 1814
3 279 1665 893
3 845 2068 4910
3 1404 2731 6373
3 1867 1985 2334
3 3262 3300 4094
3 3334 3442 5736
3 3783 6432 6953
3 3965 7788 8618
3 5770 6227 8633
3 6517 6529 7684
3 7309 7903 8539
3 8987 1208 2281
3 218 1781 2987
3 610 1801 5966
3 1221 3584 2750
3 1836 2711 3401
3 2065 3312 3744
3 2554 4088 5586
3 3721 4932 5577
3 4193 6180 9535
3 4479 4487 5313
3 5391 5398 5917
3 5972 7501 8165
3 7925 7969 9534
3 9502 9575 990
3 401 1899 5132
3 651 669 7388
3 1184 3445 3539
3 1646 1904 5104
3 2722 3927 4894
3 3862 5064 7898
3 5370 6417 6586
3 6812 7110 9660
3 7371 9200 2376
3 7675 7980 1638
3 8665 545 2184
3 89 3085 8694
3 934 1716 3216
3 1292 3947 7502
3 2326 3929 4529
3 2464 2947 4538
3 3076 3411 5594
3 3124 4544 9846
3 4428 7289 4981
3 5481 8638 9882
3 5599 7672 9754
3 7065 9770 144
3 7695 9941 292
3 163 249 827
3 757 1130 3521
3 771 977 1299
3 1683 1928 4628
3 1935 2560 3424
3 2087 2173 7907
3 3017 3807 5345
3 4669 5511 7043
3 6259 8525 7664
3 6405 8584 6770
3 7902 8015 9156
3 8268 9209 8842
3 8934 930 2022
3 9356 304 5122
3 207 1120 6307
3 894 1138 1870
3 1469 2057 3115
3 2050 2480 6805
3 2463 2835 3580
3 2567 6068 7744
3 2990 4163 6973
3 4833 7096 9670
3 6409 6958 7608
3 6497 7177 241
3 8732 9089 9140
3 157 691 6331
3 199 1209 316
3 288 4842 7553
3 618 1331 8273
3 2011 4882 5804
3 3313 3610 3941
3 4149 5429 7223
3 4553 4646 8709
3 7014 7134 7962
3 7274 8776 8853
3 9785 9860 3353
3 287 643 2227
3 356 3893 5725
3 728 865 4337
3 2179 2564 7642
3 3178 4948 5514
3 3186 3541 9225
3 4392 5192 6897
3 6301 6541 7640
3 6425 7163 7544
3 7216 7878 8886
3 8068 8409 8298
3 8502 9152 9491
3 9179 862 1574
3 108 616 1971
3 819 1227 4789
3 1277 1652 5718
3 1841 4468 5254
3 1958 2418 4355
3 2288 2805 5329
3 3006 4226 4714
3 3753 5060 6904
3 5182 5206 5663
3 5550 6513 7019
3 5578 6213 7795
3 6387 8870 7546
3 7229 9367 9647
3 7298 9100 9406
3 8534 8645 867
3 9710 425 2163
3 9863 186 733
3 784 3425 3536
3 1495 2239 4508
3 1809 2563 2841
3 3438 3798 5424
3 4143 4634 5658
3 4598 5534 5848
3 5612 5825 8740
3 5741 6796 9553
3 5952 6087 7948
3 6629 8310 8941
3 6814 9172 9617
3 7087 9885 800
3 8141 9232 9329
3 9870 347 348
3 226 769 3208
3 378 1479 2344
3 1376 1563 2318
3 1615 1661 5510
3 1700 2201 3209
3 2435 2689 4791
3 2577 3712 4693
3 3812 5611 8564
3 5573 6484 9158
3 5771 9423 9590
3 5958 9582 6620
3 7091 7349 7556
3 9570 128 719
3 189 383 2152
3 789 4518 7799
3 1099 4726 6748
3 1403 4290 8103
3 1685 3917 4906
3 4403 7434 7365
3 4986 7333 8309
3 6125 7441 8321
3 6253 9314 9876
3 8771 9346 9862
3 9555 415 2012
3 349 1196 4709
3 441 1494 1788
3 633 2470 4939
3 958 1235 1949
3 1131 4211 5294
2 1909 2451
2 2586 5316
2 3213 6692
2 5183 5409
2 6701 6917
2 7060 7140
2 7459 7541
2 7580 7758
2 7835 8493
2 7946 8086
2 8064 9954
2 8347 863
2 9205 9819
2 203 291
2 361 703
2 831 1188
2 1119 1180
2 1230 1284
2 1679 1799
2 1868 2878
2 1993 2382
2 2356 2550
2 3327 3784
2 3859 5343
2 3860 4996
2 3949 5148
2 5379 8686
2 6279 6456
2 6457 8080
2 8282 8960
2 8379 9737
2 9323 4
2 280 693
2 388 405
2 509 782
2 935 1335
2 1105 2384
2 1323 1611
2 1732 1818
2 2035 2483
2 2498 4621
2 3247 3821
2 5410 6843
2 5694 7507
2 5779 8406
2 7479 7669
2 7807 7965
2 8412 8875
2 8726 9372
2 9999 200
2 227 922
2 258 1111
2 268 2324
2 1046 1135
2 1074 2579
2 1133 2378
2 2789 3394
2 3787 4254
2 4330 4344
2 4632 4633
2 4664 4675
2 4734 4950
2 5051 5833
2 5699 6085
2 6233 7307
2 6407 8970
2 7251 7753
2 8410 8985
2 8784 9102
2 8955 9663
2 9807 318
2 376 1029
2 662 811
2 983 2405
2 1553 2311
2 1987 2086
2 2373 3389
2 2386 2541
2 2942 3292
2 3386 3639
2 3922 4461
2 4107 4979
2 5356 6500
2 5844 5977
2 6635 7791
2 6983 8523
2 7667 8461
2 8791 9636
2 9604 9742
2 9701 9724
2 173 342
2 491 741
2 794 2030
2 2410 2508
2 2676 2715
2 3199 3385
2 3827 4425
2 4371 7322
2 5005 5177
2 5327 6158
2 6371 6434
2 7092 7399
2 8164 8602
2 8374 8491
2 8731 9162
2 9148 9186
2 9533 9557
2 9632 9644
2 9717 872
2 409 621
2 1534 1918
2 1992 2883
2 2825 3008
2 3756 3819
2 3866 4220
2 4273 4369
2 4810 5413
2 5187 5266
2 5885 6242
2 6254 6420
2 6647 7627
2 7340 7820
2 7706 7992
2 8136 8872
2 8725 9342
2 9773 917
2 69 1206
2 148 821
2 195 1439
2 984 1063
2 1045 1329
2 1415 1554
2 1705 1897
2 1969 2747
2 2934 3225
2 3267 3799
2 3794 3935
2 4323 4978
2 4435 4651
2 5073 5210
2 5399 5643
2 5957 6678
2 7069 8857
2 7228 7636
2 7712 7832
2 9282 312
2 9609 9977
2 435 508
2 437 605
2 483 1610
2 652 2166
2 901 2427
2 1731 2172
2 2503 3058
2 2803 2873
2 2884 3144
2 3227 3466
2 3474 4237
2 3620 4260
2 4032 4103
2 4214 4356
2 4535 5045
2 4807 5167
2 5265 5361
2 5470 7165
2 5840 5853
2 5883 6234
2 5979 6480
2 6174 6499
2 7033 7243
2 7093 7393
2 7264 7938
2 7276 7736
2 7408 8613
2 7547 9963
2 8728 8879
2 8758 9327
2 9159 194
2 9362 1654
2 179 2330
2 987 2425
2 1305 2996
2 2500 3636
2 4224 5350
2 4372 4758
2 4822 4860
2 5340 5745
2 5508 6077
2 6654 6841
2 6675 6901
2 7097 7172
2 7416 7588
2 7793 8142
2 7915 8395
2 8507 8535
2 8570 8778
2 8770 9070
2 8780 9011
2 9775 9787
2 9822 111
2 118 184
2 192 209
2 303 1142
2 596 2170
2 2206 3476
2 2556 3082
2 2769 3530
2 3879 4891
2 3984 4732
2 4577 6853
2 4890 4972
2 6187 7059
2 7427 7789
2 7639 8144
2 8117 8311
2 8786 9749
2 8877 9380
2 9415 729
2 478 482
2 1614 1728
2 1831 2520
2 3044 3189
2 3777 4175
2 4285 4376
2 5067 7086
2 5107 5557
2 5279 6128
2 6141 7098
2 7561 7856
2 7578 7883
2 7942 8038
2 8114 8961
2 8224 8405
2 8361 8417
2 8975 9264
2 9218 9571
2 9421 9931
2 121 274
2 230 908
2 1485 1695
2 1517 2512
2 1972 2771
2 2485 2808
2 2812 4523
2 2974 3716
2 3493 3717
2 3727 4952
2 4724 5747
2 5696 6614
2 5906 5993
2 5983 6902
2 6156 6308
2 6411 7075
2 7590 7741
2 8061 8244
2 8135 9556
2 8272 9436
2 156 1350
2 781 1496
2 1625 3685
2 2039 2098
2 4232 4470
2 4699 4899
2 5483 6177
2 5504 6682
2 6559 7077
2 6720 6833
2 6937 7045
2 7187 7483
2 7606 7847
2 8002 8462
2 8009 8530
2 8075 9031
2 9793 61
2 256 311
2 424 507
2 574 833
2 1177 1226
2 1283 1937
2 1749 2110
2 2271 2272
2 2532 2602
2 2827 3635
2 4063 4098
2 4333 4845
2 5213 5304
2 5533 5727
2 5617 5870
2 6265 6429
2 6428 6545
2 6607 7730
2 7017 7864
2 8011 8045
2 8110 8561
2 8220 8542
2 8500 9736
2 8698 8797
2 8880 9126
2 81 428
2 682 866
2 795 1006
2 1171 1326
2 1501 1513
2 1634 1753
2 1696 1917
2 1804 1984
2 2231 2298
2 2447 3023
2 2657 4297
2 3053 3059
2 3108 3690
2 3307 4427
2 4440 5158
2 4588 4876
2 4913 5023
2 4966 4980
2 5260 5262
2 5377 5382
2 5783 5938
2 6026 7248
2 6971 7404
2 7068 8494
2 7337 7533
2 7550 8556
2 8159 8635
2 8868 9301
2 9357 9686
2 9457 406
2 9498 803
2 538 1166
2 903 1622
2 959 1703
2 1789 2252
2 3268 3993
2 3469 5480
2 4262 4305
2 5008 5754
2 5907 6551
2 6075 6293
2 6539 6998
2 7022 7138
2 7030 7292
2 7139 7367
2 7682 7711
2 7830 7833
2 7929 8190
2 8441 8473
2 8850 8924
2 9007 9296
2 9521 9910
2 9932 182
2 1275 1762
2 1307 2583
2 1932 2357
2 2310 2393
2 2673 3266
2 2900 3361
2 3205 4591
2 3534 3846
2 4770 5472
2 5585 5910
2 5632 6021
2 6098 6237
2 6257 8555
2 6412 6617
2 7067 7584
2 7453 7514
2 8592 8968
2 9823 658
2 603 668
2 1149 1191
2 1824 2138
2 2645 3286
2 3154 3416
2 3705 4060
2 3854 3963
2 4019 4048
2 4283 4453
2 4793 4893
2 4830 4923
2 4843 5693
2 4851 5010
2 5281 5900
2 5926 6848
2 6393 6519
2 6533 6799
2 6859 7102
2 7129 7688
2 7281 9042
2 7523 9577
2 9044 9698
2 9548 25
2 224 275
2 341 452
2 698 1190
2 921 1612
2 1770 1878
2 2026 2385
2 2546 2664
2 2899 3382
2 2928 2961
2 3169 3810
2 3591 3994
2 3611 3803
2 4236 4911
2 4571 5100
2 5430 6222
2 5640 6040
2 6454 6643
2 6961 7574
2 7000 8001
2 7071 7985
2 7658 9297
2 8085 8541
2 9189 9411
2 9311 9861
2 9914 27
2 54 238
2 319 468
2 526 582
2 659 746
2 886 972
2 1302 2153
2 1775 2656
2 2280 2662
2 2709 3454
2 3523 3619
2 3696 4009
2 3719 3990
2 4691 5809
2 5538 5838
2 5828 6119
2 6031 6185
2 6195 6334
2 6290 7852
2 6509 6592
2 6862 6923
2 7782 7890
2 8000 8231
2 8334 9146
2 8554 9059
2 9101 9229
2 9204 9270
2 9554 9972
2 180 999
2 412 1134
2 1316 1777
2 1667 1873
2 2038 2980
2 2525 3156
2 3413 3754
2 4209 4821
2 4525 5386
2 5549 5635
2 6199 6516
2 6283 6391
2 6491 6772
2 6850 7504
2 7011 8109
2 7261 7488
2 8034 9024
2 8118 9825
2 9720 379
2 9933 422
2 573 1087
2 1237 1725
2 1308 2010
2 1880 2154
2 2758 3645
2 3383 3843
2 4034 4252
2 4132 4520
2 4174 4556
2 4581 4987
2 4705 5257
2 5014 5227
2 5697 5778
2 5859 6163
2 5949 6792
2 7222 8098
2 8318 8546
2 8344 8508
2 8757 9336
2 9150 9400
2 154 533
2 360 583
2 911 1290
2 986 1374
2 1401 1664
2 1915 1964
2 2431 2733
2 2706 2858
2 3201 3628
2 3340 3643
2 3546 4062
2 3788 4438
2 4976 5049
2 5029 5108
2 5153 5342
2 5406 5466
2 5527 5539
2 5619 5820
2 6631 7005
2 7042 7822