100
0 3
1000 20 11
1 3
1000 20 11
2 3
1000 6 11
3 3
1000 15 11
4 3
1000 15 11
5 3
1000 16 11
6 3
1000 12 11
7 3
1000 14 11
8 3
1000 18 11
9 3
1000 6 11
10 3
1000 20 11
11 3
1000 3 11
12 3
1000 15 11
13 3
1000 8 11
14 3
1000 7 11
15 3
1000 14 11
16 3
1000 7 11
17 3
1000 20 11
18 3
1000 5 11
19 3
1000 16 11
20 3
1000 15 11
21 3
1000 4 11
22 3
1000 6 11
23 3
1000 16 11
24 3
1000 20 11
25 3
1000 18 11
26 3
1000 16 11
27 3
1000 2 11
28 3
1000 15 11
29 3
1000 2 11
30 3
1000 12 11
31 3
1000 7 11
32 3
1000 4 11
33 3
1000 18 11
34 3
1000 3 11
35 3
1000 20 11
36 3
1000 9 11
37 3
1000 5 11
38 3
1000 1 11
39 3
1000 18 11
40 3
1000 10 11
41 3
1000 15 11
42 3
1000 8 11
43 3
1000 10 11
44 3
1000 17 11
45 3
1000 15 11
46 3
1000 8 11
47 3
1000 17 11
48 3
1000 2 11
49 3
1000 20 11
50 3
1000 17 11
51 3
1000 20 11
52 3
1000 8 11
53 3
1000 8 11
54 3
1000 19 11
55 3
1000 10 11
56 3
1000 10 11
57 3
1000 5 11
58 3
1000 14 11
59 3
1000 13 11
60 3
1000 20 11
61 3
1000 10 11
62 3
1000 6 11
63 3
1000 15 11
64 3
1000 12 11
65 3
1000 4 11
66 3
1000 3 11
67 3
1000 8 11
68 3
1000 19 11
69 3
1000 8 11
70 3
1000 18 11
71 3
1000 18 11
72 3
1000 17 11
73 3
1000 2 11
74 3
1000 17 11
75 3
1000 4 11
76 3
1000 5 11
77 3
1000 2 11
78 3
1000 12 11
79 3
1000 8 11
80 3
1000 18 11
81 3
1000 15 11
82 3
1000 4 11
83 3
1000 14 11
84 3
1000 8 11
85 3
1000 16 11
86 3
1000 11 11
87 3
1000 15 11
88 3
1000 3 11
89 3
1000 7 11
90 3
1000 11 11
91 3
1000 12 11
92 3
1000 1 11
93 3
1000 17 11
94 3
1000 16 11
95 3
1000 20 11
96 3
1000 20 11
97 3
1000 20 11
98 3
1000 18 11
99 3
1000 13 11