160
4 28 35 93 97
4 190 196 197 252
4 286 333 369 420
4 423 441 12 33
4 47 165 300 326
4 482 1 14 21
4 256 315 279 299
4 306 322 330 421
4 454 17 7 86
4 154 189 212 334
4 352 358 414 492
4 11 141 64 72
4 73 182 120 156
4 158 213 170 266
4 301 337 410 319
4 443 240 462 484
4 495 486 0 38
4 48 52 166 108
4 111 5 113 155
4 210 261 264 221
4 234 298 376 310
4 329 371 19 350
4 434 451 175 448
4 452 360 463 475
4 15 419 123 20
4 34 324 320 60
4 61 193 149 147
4 181 356 159 187
4 199 277 71 208
4 219 433 445 231
4 236 249 439 258
4 271 405 387 273
4 288 385 473 292
4 311 396 177 367
4 409 498 499 31
4 430 455 99 3
4 6 8 117 10
4 13 23 121 139
4 18 55 180 394
4 24 218 235 89
4 65 192 422 163
4 90 91 276 214
4 105 225 302 407
4 162 345 472 242
4 188 283 412 263
4 201 230 353 203
4 268 424 474 400
4 278 328 294 45
4 336 429 449 467
4 348 384 437 56
4 351 362 388 81
4 364 375 403 32
4 391 392 397 16
4 399 442 25 40
4 427 497 41 80
4 431 459 76 128
4 438 26 27 138
4 444 46 59 144
4 447 44 69 107
4 22 50 78 109
3 29 36 114
3 54 70 116
3 66 79 100
3 92 95 112
3 101 106 119
3 104 115 132
3 124 148 152
3 129 136 151
3 153 160 186
3 164 172 174
3 185 195 233
3 198 200 204
3 207 217 244
3 226 247 307
3 237 251 254
3 245 259 269
3 267 274 280
3 282 284 285
3 289 304 332
3 295 325 339
3 341 359 363
3 347 361 373
3 365 372 395
3 377 378 411
3 379 401 460
3 390 453 490
3 425 468 432
3 446 450 461
3 494 4 9
3 2 30 37
3 39 42 49
3 43 51 57
3 53 62 63
3 58 67 68
3 74 75 77
3 82 83 85
3 84 87 88
3 94 96 98
3 102 103 118
3 110 122 125
3 126 127 130
3 131 133 134
3 135 137 140
3 142 143 145
3 146 150 157
3 161 167 168
3 169 171 173
3 176 178 179
3 183 184 191
3 194 202 206
3 205 209 215
3 211 216 222
3 220 223 224
3 227 228 229
3 232 238 239
3 241 243 246
3 248 250 253
3 255 257 260
3 262 265 270
3 272 275 287
2 281 290
2 291 293
2 296 297
2 303 305
2 308 309
2 312 313
2 314 316
2 317 321
2 318 323
2 327 331
2 335 338
2 340 342
2 343 344
2 346 349
2 354 355
2 357 366
2 368 370
2 374 380
2 381 383
2 382 386
2 389 393
2 398 402
2 404 406
2 408 413
2 415 416
2 417 418
2 426 428
2 435 436
2 440 456
2 457 458
2 464 465
2 466 469
2 470 471
2 476 477
2 478 479
2 480 481
2 483 485
2 487 488
2 489 491
2 493 496