160
4 441 423 420 369
4 333 286 252 197
4 196 190 97 93
4 35 28 482 326
4 300 165 47 33
4 12 330 454 421
4 322 306 315 299
4 279 21 256 14
4 1 492 414 358
4 352 334 212 189
4 154 495 86 17
4 7 462 484 443
4 410 266 337 319
4 301 158 213 182
4 170 141 120 156
4 73 64 72 11
4 486 111 475 463
4 452 376 451 448
4 434 0 350 371
4 329 108 264 310
4 298 221 166 261
4 234 52 210 155
4 113 5 38 48
4 499 498 360 473
4 455 430 439 445
4 433 219 187 419
4 409 387 356 396
4 405 324 311 385
4 367 181 472 320
4 292 249 71 288
4 277 199 218 273
4 271 240 61 258
4 236 208 175 231
4 193 19 60 147
4 34 20 449 447
4 15 444 403 474
4 497 407 438 353
4 467 431 345 459
4 442 400 348 422
4 437 392 235 123
4 429 375 90 397
4 427 394 6 412
4 424 362 283 302
4 399 159 139 384
4 391 91 188 282
4 388 364 3 263
4 351 294 31 336
4 328 278 242 274
4 276 230 117 13
4 268 180 192 65
4 225 105 10 80
4 214 121 55 289
4 203 149 23 284
4 201 177 24 401
4 163 162 99 259
4 89 494 468 185
4 18 461 460 245
4 8 453 450 115
4 490 446 411 251
4 432 395 378 247
3 425 372 325
3 390 373 347
3 379 363 341
3 377 339 332
3 365 285 269
3 361 295 237
3 359 280 204
3 307 244 207
3 304 226 217
3 267 198 172
3 254 200 186
3 233 195 164
3 174 153 148
3 160 144 136
3 152 138 129
3 151 128 124
3 132 116 109
3 119 114 107
3 112 104 95
3 106 101 100
3 92 81 79
3 78 70 69
3 76 56 54
3 66 50 44
3 59 46 45
3 41 40 22
3 36 29 27
3 32 26 25
3 16 496 493
3 491 489 488
3 487 485 483
3 481 480 478
3 479 477 476
3 471 470 469
3 466 465 464
3 458 457 456
3 440 436 435
3 428 426 417
3 418 416 415
3 413 408 406
3 404 402 398
3 393 389 383
3 386 382 380
3 381 374 370
3 368 366 357
3 355 354 349
3 346 343 342
3 344 340 335
3 338 331 327
3 323 321 318
3 317 316 314
3 313 312 308
3 309 303 296
3 305 293 291
3 297 290 287
3 281 272 265
3 275 262 260
3 270 257 255
3 253 250 248
3 246 243 241
2 239 238
2 232 229
2 228 227
2 224 223
2 222 220
2 216 215
2 211 205
2 209 202
2 206 194
2 191 184
2 183 179
2 178 176
2 173 171
2 169 168
2 167 161
2 157 150
2 146 145
2 143 142
2 140 137
2 135 134
2 133 131
2 130 127
2 126 125
2 122 118
2 110 102
2 103 98
2 96 94
2 88 87
2 85 84
2 83 82
2 77 75
2 74 68
2 67 63
2 62 58
2 57 53
2 51 49
2 43 39
2 42 37
2 30 9
2 4 2