1000
0 3
344 1 21
1 3
275 8 11
2 3
42 5 21
3 3
978 6 11
4 3
743 1 11
5 3
410 10 11
6 3
526 8 11
7 3
176 3 11
8 3
996 8 11
9 3
121 4 11
10 3
647 8 21
11 3
603 5 11
12 3
478 9 11
13 3
2 5 21
14 3
835 3 21
15 3
52 4 11
16 3
474 9 11
17 3
261 6 21
18 3
461 10 21
19 3
636 7 11
20 3
881 3 11
21 3
509 2 21
22 3
359 10 11
23 3
584 1 11
24 3
844 10 21
25 3
639 7 11
26 3
245 9 11
27 3
578 1 21
28 3
985 9 21
29 3
211 3 11
30 3
803 6 11
31 3
285 3 21
32 3
118 2 21
33 3
517 4 21
34 3
252 9 11
35 3
169 4 21
36 3
216 4 11
37 3
802 1 21
38 3
177 8 11
39 3
469 2 11
40 3
228 7 11
41 3
73 6 21
42 3
821 9 11
43 3
703 4 21
44 3
8 7 11
45 3
573 2 21
46 3
798 7 21
47 3
507 7 11
48 3
462 5 21
49 3
30 4 21
50 3
105 8 11
51 3
638 5 11
52 3
729 4 11
53 3
112 8 21
54 3
585 4 11
55 3
255 4 21
56 3
207 1 21
57 3
949 7 11
58 3
576 4 21
59 3
845 1 21
60 3
737 2 11
61 3
858 1 21
62 3
499 2 21
63 3
604 6 11
64 3
551 2 11
65 3
74 6 11
66 3
57 1 11
67 3
441 10 21
68 3
628 5 11
69 3
464 1 21
70 3
7 9 21
71 3
255 1 21
72 3
943 1 21
73 3
971 8 11
74 3
611 9 21
75 3
923 9 21
76 3
873 3 11
77 3
964 6 11
78 3
57 3 11
79 3
74 5 21
80 3
233 1 21
81 3
13 1 21
82 3
506 1 21
83 3
263 2 21
84 3
275 9 21
85 3
37 1 11
86 3
540 5 21
87 3
718 1 21
88 3
214 3 11
89 3
536 8 11
90 3
966 6 11
91 3
94 2 21
92 3
37 9 21
93 3
294 10 21
94 3
306 5 21
95 3
623 7 11
96 3
257 4 21
97 3
200 10 21
98 3
56 6 11
99 3
946 6 11
100 3
849 1 21
101 3
752 5 21
102 3
636 3 21
103 3
421 9 11
104 3
826 3 21
105 3
646 2 21
106 3
376 6 21
107 3
120 4 21
108 3
861 5 21
109 3
211 7 11
110 3
627 8 21
111 3
691 8 21
112 3
309 1 21
113 3
309 10 21
114 3
585 5 11
115 3
537 6 21
116 3
119 7 21
117 3
828 2 11
118 3
155 2 11
119 3
533 8 11
120 3
12 6 21
121 3
380 2 11
122 3
119 7 11
123 3
151 3 11
124 3
335 3 21
125 3
524 1 11
126 3
506 7 21
127 3
465 9 21
128 3
351 2 21
129 3
864 4 11
130 3
618 9 11
131 3
1000 6 11
132 3
180 5 21
133 3
180 9 21
134 3
50 9 11
135 3
266 2 21
136 3
617 7 11
137 3
468 3 21
138 3
162 6 11
139 3
626 8 21
140 3
292 1 21
141 3
804 8 21
142 3
819 2 11
143 3
847 4 11
144 3
2 5 11
145 3
75 5 11
146 3
24 4 11
147 3
663 8 21
148 3
952 2 21
149 3
856 6 11
150 3
750 2 11
151 3
125 1 21
152 3
268 10 21
153 3
839 10 21
154 3
640 3 11
155 3
331 2 11
156 3
124 9 11
157 3
957 1 21
158 3
579 1 21
159 3
89 7 11
160 3
556 2 21
161 3
215 5 11
162 3
735 8 21
163 3
364 3 11
164 3
93 1 11
165 3
748 8 21
166 3
269 5 11
167 3
75 8 11
168 3
613 8 21
169 3
875 6 11
170 3
82 8 11
171 3
719 6 11
172 3
574 6 11
173 3
670 6 21
174 3
284 2 11
175 3
56 3 21
176 3
369 5 11
177 3
235 7 11
178 3
844 1 11
179 3
575 2 21
180 3
561 8 21
181 3
646 9 21
182 3
984 8 21
183 3
473 7 11
184 3
119 1 21
185 3
426 5 21
186 3
317 3 21
187 3
141 8 21
188 3
190 9 11
189 3
961 5 21
190 3
160 9 21
191 3
324 1 11
192 3
323 4 11
193 3
523 10 11
194 3
181 5 11
195 3
167 9 21
196 3
758 10 21
197 3
458 2 11
198 3
4 9 21
199 3
724 5 11
200 3
255 2 21
201 3
409 4 21
202 3
41 1 21
203 3
951 5 21
204 3
214 8 11
205 3
999 3 11
206 3
677 10 11
207 3
173 8 21
208 3
932 8 11
209 3
997 1 11
210 3
981 3 11
211 3
882 8 21
212 3
271 2 21
213 3
638 3 21
214 3
471 8 11
215 3
740 6 21
216 3
917 3 11
217 3
285 2 21
218 3
532 5 21
219 3
898 8 11
220 3
985 3 21
221 3
21 4 21
222 3
35 2 11
223 3
898 10 21
224 3
99 6 21
225 3
393 9 21
226 3
327 7 21
227 3
703 9 11
228 3
466 10 21
229 3
62 6 11
230 3
148 5 11
231 3
7 2 11
232 3
957 2 21
233 3
75 1 21
234 3
485 2 21
235 3
796 10 21
236 3
410 6 11
237 3
758 3 11
238 3
601 7 11
239 3
461 1 21
240 3
49 4 11
241 3
580 1 11
242 3
185 1 21
243 3
128 9 21
244 3
585 1 21
245 3
358 1 21
246 3
391 7 11
247 3
253 2 21
248 3
764 5 21
249 3
624 4 11
250 3
827 10 21
251 3
27 4 11
252 3
188 2 21
253 3
986 9 11
254 3
75 6 21
255 3
216 9 21
256 3
70 4 11
257 3
661 4 11
258 3
343 3 11
259 3
653 10 21
260 3
663 4 21
261 3
155 5 21
262 3
131 10 11
263 3
175 8 21
264 3
991 6 11
265 3
88 6 21
266 3
875 3 11
267 3
720 2 21
268 3
745 2 11
269 3
997 6 21
270 3
621 1 11
271 3
872 5 11
272 3
389 10 11
273 3
479 2 21
274 3
276 8 21
275 3
21 8 11
276 3
99 5 21
277 3
973 10 11
278 3
32 8 11
279 3
890 6 11
280 3
104 7 11
281 3
8 3 11
282 3
397 7 11
283 3
521 5 21
284 3
799 7 21
285 3
120 4 11
286 3
845 6 21
287 3
170 3 21
288 3
857 3 21
289 3
321 5 11
290 3
350 5 11
291 3
535 4 11
292 3
146 2 11
293 3
262 6 21
294 3
695 6 11
295 3
722 5 11
296 3
736 7 21
297 3
963 7 21
298 3
987 7 21
299 3
421 5 11
300 3
272 4 11
301 3
675 5 11
302 3
569 8 21
303 3
164 7 11
304 3
428 1 21
305 3
581 7 11
306 3
374 9 11
307 3
201 9 21
308 3
545 8 11
309 3
723 4 11
310 3
366 10 21
311 3
750 9 11
312 3
412 4 11
313 3
487 3 21
314 3
973 3 11
315 3
150 8 21
316 3
226 1 21
317 3
478 5 11
318 3
132 3 11
319 3
576 10 11
320 3
786 2 21
321 3
828 10 21
322 3
534 5 21
323 3
142 1 21
324 3
47 9 21
325 3
986 4 21
326 3
195 10 21
327 3
315 5 11
328 3
12 3 11
329 3
438 6 11
330 3
648 9 11
331 3
570 10 11
332 3
103 1 21
333 3
529 2 21
334 3
39 3 21
335 3
851 2 11
336 3
520 2 21
337 3
461 6 21
338 3
342 9 21
339 3
965 4 11
340 3
405 6 11
341 3
126 6 21
342 3
240 6 21
343 3
619 1 11
344 3
543 8 11
345 3
693 10 11
346 3
418 5 11
347 3
191 8 21
348 3
570 7 21
349 3
781 7 11
350 3
527 1 11
351 3
128 7 11
352 3
508 5 11
353 3
304 4 21
354 3
459 9 11
355 3
741 6 11
356 3
551 2 11
357 3
723 7 11
358 3
522 2 21
359 3
794 2 11
360 3
431 8 11
361 3
630 7 21
362 3
313 5 11
363 3
134 6 11
364 3
542 7 11
365 3
465 4 11
366 3
395 1 11
367 3
898 6 11
368 3
699 6 21
369 3
832 7 11
370 3
734 9 11
371 3
722 7 11
372 3
429 6 21
373 3
995 3 11
374 3
309 7 21
375 3
252 3 11
376 3
212 8 11
377 3
186 10 21
378 3
555 10 21
379 3
304 7 21
380 3
497 4 11
381 3
519 4 11
382 3
596 8 21
383 3
679 3 21
384 3
274 7 21
385 3
870 10 21
386 3
14 7 11
387 3
604 1 11
388 3
442 1 21
389 3
483 2 21
390 3
799 1 21
391 3
783 5 21
392 3
66 5 11
393 3
903 1 21
394 3
129 7 11
395 3
254 4 11
396 3
737 4 11
397 3
400 4 11
398 3
369 9 21
399 3
813 4 21
400 3
950 3 11
401 3
736 8 11
402 3
491 7 21
403 3
911 3 11
404 3
315 7 11
405 3
165 9 21
406 3
19 9 11
407 3
863 8 21
408 3
245 7 11
409 3
320 3 21
410 3
736 2 11
411 3
697 2 21
412 3
355 9 11
413 3
292 6 21
414 3
909 10 11
415 3
173 4 21
416 3
15 3 21
417 3
884 9 11
418 3
881 10 11
419 3
459 10 11
420 3
610 8 21
421 3
758 10 21
422 3
203 6 21
423 3
145 10 11
424 3
150 7 11
425 3
955 8 21
426 3
147 4 11
427 3
175 8 21
428 3
231 1 21
429 3
785 10 21
430 3
37 4 11
431 3
565 2 11
432 3
722 6 11
433 3
123 2 21
434 3
953 4 21
435 3
22 9 11
436 3
770 8 21
437 3
374 3 21
438 3
598 6 21
439 3
181 10 11
440 3
848 4 21
441 3
843 10 21
442 3
362 10 21
443 3
371 1 21
444 3
680 9 11
445 3
888 5 21
446 3
241 9 21
447 3
327 1 21
448 3
112 6 11
449 3
969 8 11
450 3
23 7 11
451 3
222 6 11
452 3
481 9 11
453 3
532 3 21
454 3
105 7 21
455 3
381 1 11
456 3
715 5 11
457 3
446 2 21
458 3
928 10 11
459 3
798 5 11
460 3
818 9 11
461 3
869 3 21
462 3
629 2 11
463 3
10 5 11
464 3
958 10 21
465 3
212 4 11
466 3
816 1 21
467 3
984 6 11
468 3
616 6 21
469 3
314 9 21
470 3
335 6 21
471 3
14 7 21
472 3
116 1 21
473 3
383 3 11
474 3
326 9 11
475 3
979 4 21
476 3
628 1 11
477 3
779 4 11
478 3
631 1 11
479 3
720 3 11
480 3
550 3 21
481 3
720 9 11
482 3
336 5 21
483 3
621 3 21
484 3
167 5 11
485 3
410 7 21
486 3
533 3 21
487 3
369 6 11
488 3
261 5 11
489 3
953 9 21
490 3
120 9 11
491 3
604 1 11
492 3
925 5 21
493 3
492 3 11
494 3
394 3 21
495 3
668 1 11
496 3
573 8 21
497 3
295 8 11
498 3
500 10 21
499 3
974 6 11
500 3
136 2 11
501 3
663 4 11
502 3
863 5 11
503 3
886 4 11
504 3
841 3 21
505 3
801 5 21
506 3
620 1 21
507 3
133 6 11
508 3
651 4 11
509 3
371 2 11
510 3
560 2 21
511 3
933 4 11
512 3
779 2 21
513 3
801 7 11
514 3
600 4 11
515 3
117 6 21
516 3
275 2 21
517 3
687 3 21
518 3
845 10 21
519 3
807 9 21
520 3
895 2 21
521 3
126 3 21
522 3
959 1 21
523 3
486 9 11
524 3
895 6 11
525 3
231 3 11
526 3
459 10 11
527 3
419 6 21
528 3
467 3 11
529 3
329 6 11
530 3
496 8 21
531 3
54 3 21
532 3
430 8 21
533 3
373 7 21
534 3
563 2 11
535 3
527 2 11
536 3
234 1 21
537 3
627 8 21
538 3
807 6 11
539 3
306 5 21
540 3
128 5 11
541 3
17 4 11
542 3
690 6 21
543 3
83 1 11
544 3
520 10 21
545 3
845 9 11
546 3
793 9 11
547 3
342 10 11
548 3
473 9 21
549 3
520 10 21
550 3
403 3 21
551 3
916 6 21
552 3
12 5 11
553 3
809 10 21
554 3
145 4 21
555 3
997 2 11
556 3
863 2 11
557 3
487 6 21
558 3
780 6 11
559 3
302 10 21
560 3
276 5 11
561 3
510 4 11
562 3
715 4 11
563 3
697 2 11
564 3
631 8 21
565 3
27 1 11
566 3
270 1 21
567 3
374 8 11
568 3
131 5 11
569 3
196 1 21
570 3
875 4 21
571 3
270 2 21
572 3
223 4 11
573 3
67 7 11
574 3
518 8 11
575 3
311 1 21
576 3
670 8 11
577 3
957 2 11
578 3
328 8 21
579 3
197 7 11
580 3
845 8 11
581 3
597 2 11
582 3
672 5 21
583 3
992 3 11
584 3
290 4 21
585 3
306 4 11
586 3
460 2 11
587 3
751 2 11
588 3
50 8 21
589 3
391 1 21
590 3
436 8 11
591 3
655 8 11
592 3
78 5 11
593 3
893 9 21
594 3
994 1 11
595 3
87 10 21
596 3
65 3 11
597 3
825 1 11
598 3
968 6 21
599 3
524 6 11
600 3
915 1 11
601 3
708 5 11
602 3
988 1 21
603 3
947 4 21
604 3
264 5 21
605 3
402 7 11
606 3
679 2 21
607 3
717 1 21
608 3
131 6 21
609 3
470 3 11
610 3
350 6 11
611 3
85 6 21
612 3
229 8 11
613 3
670 7 11
614 3
605 4 21
615 3
796 7 21
616 3
798 7 21
617 3
149 3 21
618 3
687 10 21
619 3
174 8 21
620 3
441 4 21
621 3
675 2 21
622 3
357 2 11
623 3
759 3 21
624 3
565 3 21
625 3
630 3 21
626 3
640 1 11
627 3
959 7 11
628 3
24 10 21
629 3
25 6 21
630 3
411 1 11
631 3
48 2 11
632 3
206 3 11
633 3
676 2 21
634 3
372 2 11
635 3
699 3 11
636 3
884 8 11
637 3
150 10 11
638 3
121 6 11
639 3
740 2 21
640 3
398 2 11
641 3
653 10 11
642 3
223 3 11
643 3
176 4 11
644 3
915 6 21
645 3
431 7 11
646 3
122 1 11
647 3
513 6 11
648 3
770 7 11
649 3
548 8 11
650 3
195 1 21
651 3
451 4 21
652 3
266 3 11
653 3
278 1 21
654 3
192 10 21
655 3
179 10 21
656 3
481 7 11
657 3
895 8 21
658 3
425 6 21
659 3
109 4 11
660 3
265 10 21
661 3
396 7 21
662 3
831 6 21
663 3
355 10 11
664 3
182 10 11
665 3
548 1 21
666 3
644 3 21
667 3
801 6 21
668 3
812 8 11
669 3
514 1 11
670 3
580 4 21
671 3
287 8 11
672 3
911 5 11
673 3
456 7 11
674 3
797 3 21
675 3
553 6 11
676 3
223 1 21
677 3
204 7 21
678 3
840 2 21
679 3
230 2 11
680 3
279 6 21
681 3
872 6 11
682 3
7 8 21
683 3
772 4 11
684 3
294 8 11
685 3
198 3 21
686 3
561 7 11
687 3
159 1 11
688 3
422 5 21
689 3
248 6 11
690 3
924 1 11
691 3
930 2 21
692 3
360 4 21
693 3
597 1 21
694 3
497 3 21
695 3
335 4 21
696 3
998 7 21
697 3
236 9 21
698 3
864 10 11
699 3
597 8 21
700 3
970 2 21
701 3
135 10 11
702 3
468 7 11
703 3
20 5 21
704 3
607 7 11
705 3
972 9 21
706 3
633 9 21
707 3
260 7 11
708 3
791 1 21
709 3
126 1 11
710 3
132 2 21
711 3
427 9 11
712 3
304 7 11
713 3
509 10 11
714 3
328 6 11
715 3
837 1 21
716 3
322 2 21
717 3
897 1 21
718 3
693 3 11
719 3
932 10 11
720 3
870 4 11
721 3
939 7 11
722 3
411 8 21
723 3
667 7 11
724 3
343 5 11
725 3
547 7 11
726 3
388 6 11
727 3
576 5 21
728 3
773 10 21
729 3
480 4 21
730 3
859 10 21
731 3
726 7 11
732 3
233 10 11
733 3
442 7 11
734 3
781 9 21
735 3
549 6 11
736 3
553 1 11
737 3
759 2 21
738 3
676 5 21
739 3
342 4 21
740 3
195 7 21
741 3
600 10 11
742 3
593 10 21
743 3
59 3 11
744 3
918 10 21
745 3
942 9 11
746 3
99 10 21
747 3
774 9 11
748 3
817 9 21
749 3
947 5 21
750 3
195 5 21
751 3
134 9 11
752 3
559 8 21
753 3
937 4 11
754 3
527 10 11
755 3
189 8 21
756 3
744 6 11
757 3
72 9 21
758 3
704 10 21
759 3
742 5 11
760 3
270 2 11
761 3
25 7 11
762 3
19 9 11
763 3
530 10 11
764 3
324 2 11
765 3
343 7 21
766 3
220 7 21
767 3
164 3 21
768 3
757 6 21
769 3
378 8 21
770 3
488 8 21
771 3
66 4 21
772 3
327 1 21
773 3
124 1 11
774 3
112 9 11
775 3
651 6 11
776 3
760 8 11
777 3
841 9 21
778 3
861 5 21
779 3
580 1 21
780 3
912 3 21
781 3
766 9 11
782 3
950 4 21
783 3
179 9 11
784 3
349 9 21
785 3
479 10 11
786 3
457 7 11
787 3
924 5 21
788 3
210 7 11
789 3
691 6 21
790 3
498 5 21
791 3
40 4 21
792 3
109 8 11
793 3
391 1 11
794 3
887 3 11
795 3
331 1 11
796 3
496 10 11
797 3
663 4 21
798 3
272 1 11
799 3
71 9 21
800 3
837 5 21
801 3
651 8 21
802 3
410 3 11
803 3
154 10 11
804 3
754 8 11
805 3
58 1 11
806 3
232 8 11
807 3
512 5 21
808 3
891 1 11
809 3
555 2 21
810 3
644 6 11
811 3
642 10 21
812 3
93 9 11
813 3
734 1 21
814 3
733 4 21
815 3
621 2 11
816 3
714 7 21
817 3
203 6 11
818 3
889 9 21
819 3
667 8 21
820 3
60 2 11
821 3
810 3 21
822 3
250 7 11
823 3
253 3 11
824 3
519 6 11
825 3
587 4 11
826 3
680 10 11
827 3
879 8 11
828 3
873 2 21
829 3
532 10 21
830 3
857 2 21
831 3
176 4 11
832 3
565 6 21
833 3
426 8 21
834 3
656 2 21
835 3
134 9 21
836 3
440 4 21
837 3
312 3 21
838 3
718 3 21
839 3
423 6 11
840 3
392 10 21
841 3
3 8 11
842 3
587 10 21
843 3
718 10 11
844 3
328 1 21
845 3
945 4 21
846 3
669 7 11
847 3
74 7 21
848 3
460 1 21
849 3
439 3 11
850 3
563 4 21
851 3
241 10 11
852 3
958 2 21
853 3
296 2 21
854 3
632 1 11
855 3
116 9 21
856 3
16 7 11
857 3
736 9 11
858 3
957 6 11
859 3
676 5 11
860 3
373 7 11
861 3
367 6 21
862 3
354 5 11
863 3
696 4 11
864 3
364 8 11
865 3
432 5 21
866 3
901 8 21
867 3
628 6 21
868 3
880 7 21
869 3
889 4 11
870 3
683 6 11
871 3
321 9 11
872 3
742 9 11
873 3
472 8 11
874 3
343 7 21
875 3
561 10 21
876 3
812 9 21
877 3
578 5 21
878 3
300 3 11
879 3
349 10 11
880 3
370 10 11
881 3
182 9 11
882 3
39 7 11
883 3
241 8 21
884 3
908 10 21
885 3
459 5 11
886 3
796 5 11
887 3
177 8 11
888 3
978 6 11
889 3
407 2 11
890 3
626 9 11
891 3
152 4 21
892 3
151 6 21
893 3
177 5 21
894 3
477 1 21
895 3
606 4 11
896 3
421 5 21
897 3
928 5 21
898 3
591 4 21
899 3
785 7 11
900 3
667 9 21
901 3
276 6 21
902 3
715 1 21
903 3
446 3 21
904 3
32 3 21
905 3
134 4 11
906 3
345 9 21
907 3
479 7 21
908 3
78 2 11
909 3
702 7 11
910 3
829 9 11
911 3
465 2 21
912 3
281 8 21
913 3
559 9 11
914 3
327 7 11
915 3
792 5 11
916 3
43 6 11
917 3
143 10 21
918 3
680 6 21
919 3
632 5 11
920 3
92 2 11
921 3
533 5 21
922 3
612 9 11
923 3
605 7 21
924 3
454 3 21
925 3
191 2 11
926 3
355 7 11
927 3
669 3 21
928 3
423 4 21
929 3
594 10 21
930 3
657 10 21
931 3
217 4 21
932 3
561 4 21
933 3
683 1 21
934 3
657 10 21
935 3
384 7 21
936 3
11 1 21
937 3
680 7 11
938 3
975 6 11
939 3
866 5 11
940 3
228 9 21
941 3
789 10 11
942 3
838 10 11
943 3
358 9 11
944 3
381 1 21
945 3
891 9 11
946 3
837 6 21
947 3
27 7 11
948 3
17 6 11
949 3
196 2 11
950 3
450 2 21
951 3
871 10 21
952 3
646 1 21
953 3
994 10 11
954 3
436 3 11
955 3
983 6 11
956 3
968 7 11
957 3
354 7 21
958 3
311 3 21
959 3
554 1 21
960 3
888 6 11
961 3
107 9 11
962 3
601 2 11
963 3
914 4 21
964 3
813 10 21
965 3
658 4 11
966 3
338 6 11
967 3
412 9 21
968 3
429 8 11
969 3
479 1 21
970 3
569 1 21
971 3
415 1 11
972 3
968 1 21
973 3
486 2 21
974 3
934 9 21
975 3
57 5 11
976 3
122 5 21
977 3
399 2 11
978 3
172 4 11
979 3
357 8 11
980 3
61 2 11
981 3
882 10 21
982 3
614 8 21
983 3
468 2 11
984 3
239 9 21
985 3
297 3 21
986 3
426 9 21
987 3
527 6 21
988 3
899 3 11
989 3
132 10 11
990 3
46 8 11
991 3
688 6 11
992 3
72 4 21
993 3
855 2 11
994 3
577 7 11
995 3
932 2 11
996 3
682 3 21
997 3
627 10 11
998 3
146 2 11
999 3
766 6 21